2015-11-16 10:51:37,515 INFO co.sy.to.ru.AbstractScenarioRunner [main] Start main test parser: ./scripts/xml.example.script
2015-11-16 10:51:37,515 INFO co.sy.to.ru.pa.TestParser [main] Parser intializing..
2015-11-16 10:51:37,546 INFO co.sy.to.ru.pa.TestParser [main] Starting test page parsing: xml.example.script
2015-11-16 10:51:37,609 WARN co.sy.to.ru.bl.BlockRunnerProvider [main] No runner found for : CommentBlock
2015-11-16 10:51:37,609 WARN co.sy.to.ru.bl.BlockRunnerProvider [main] No runner found for : CommentBlock
2015-11-16 10:54:00,902 INFO co.sy.to.ru.AbstractScenarioRunner [main] Start main test parser: ./scripts/xml.example.script
2015-11-16 10:54:00,902 INFO co.sy.to.ru.pa.TestParser [main] Parser intializing..
2015-11-16 10:54:00,933 INFO co.sy.to.ru.pa.TestParser [main] Starting test page parsing: xml.example.script
2015-11-16 10:54:00,995 WARN co.sy.to.ru.bl.BlockRunnerProvider [main] No runner found for : CommentBlock
2015-11-16 10:54:00,995 WARN co.sy.to.ru.bl.BlockRunnerProvider [main] No runner found for : CommentBlock
2015-11-16 10:54:01,042 ERROR co.sy.to.ru.bl.BlockRunnerProvider [main] No Connector found for command: Integrate $fluxXml
2015-11-16 10:54:01,042 ERROR co.sy.to.ru.bl.BlockRunnerProvider [main] No Connector found for command: $fluxXml equal to $instanceAttendue
2015-11-16 10:54:54,084 INFO co.sy.to.ru.AbstractScenarioRunner [main] Start main test parser: ./scripts/xml.example.script
2015-11-16 10:54:54,084 INFO co.sy.to.ru.pa.TestParser [main] Parser intializing..
2015-11-16 10:54:54,115 INFO co.sy.to.ru.pa.TestParser [main] Starting test page parsing: xml.example.script
2015-11-16 10:54:54,178 WARN co.sy.to.ru.bl.BlockRunnerProvider [main] No runner found for : CommentBlock
2015-11-16 10:54:54,178 WARN co.sy.to.ru.bl.BlockRunnerProvider [main] No runner found for : CommentBlock
2015-11-16 10:54:54,225 ERROR co.sy.to.ru.bl.BlockRunnerProvider [main] No Connector found for command: Integrate $fluxXml
2015-11-16 10:54:54,225 ERROR co.sy.to.ru.bl.BlockRunnerProvider [main] No Connector found for command: $fluxXml equal to $instanceAttendue
2015-11-16 10:54:55,038 INFO co.sy.to.ru.AbstractScenarioRunner [main] 1file(s) processed
2015-11-16 11:00:02,242 INFO co.sy.to.ru.AbstractScenarioRunner [main] Start main test parser: ./scripts/xml.example.script
2015-11-16 11:00:02,242 INFO co.sy.to.ru.pa.TestParser [main] Parser intializing..
2015-11-16 11:00:02,282 INFO co.sy.to.ru.pa.TestParser [main] Starting test page parsing: xml.example.script
2015-11-16 11:00:02,332 WARN co.sy.to.ru.bl.BlockRunnerProvider [main] No runner found for : CommentBlock
2015-11-16 11:00:02,332 WARN co.sy.to.ru.bl.BlockRunnerProvider [main] No runner found for : CommentBlock
2015-11-16 11:00:02,382 WARN co.sy.to.ru.bl.BlockRunnerProvider [main] Multiple Services of same kind found implementing the same command: Integrate *$fluxXml*
2015-11-16 11:00:02,382 INFO co.sy.to.ru.bl.BlockRunnerProvider [main] class fr.synaptix.toast.examples.test.xml.SimpleXmlActionAdapter : Integrate *$fluxXml*
2015-11-16 11:00:02,382 ERROR co.sy.to.ru.bl.BlockRunnerProvider [main] fr.synaptix.toast.examples.bean.ProjetFlux
java.lang.ClassNotFoundException: fr.synaptix.toast.examples.bean.ProjetFlux
	at java.net.URLClassLoader.findClass(Unknown Source) ~[?:1.8.0_45]
	at java.lang.ClassLoader.loadClass(Unknown Source) ~[?:1.8.0_45]
	at sun.misc.Launcher$AppClassLoader.loadClass(Unknown Source) ~[?:1.8.0_45]
	at java.lang.ClassLoader.loadClass(Unknown Source) ~[?:1.8.0_45]
	at java.lang.Class.forName0(Native Method) ~[?:1.8.0_45]
	at java.lang.Class.forName(Unknown Source) ~[?:1.8.0_45]
	at com.synaptix.toast.runtime.block.TestBlockRunner.buildArgumentList(TestBlockRunner.java:266) ~[classes/:?]
	at com.synaptix.toast.runtime.block.TestBlockRunner.doLocalActionCall(TestBlockRunner.java:236) [classes/:?]
	at com.synaptix.toast.runtime.block.TestBlockRunner.runThroughLocalActionAdapter(TestBlockRunner.java:156) [classes/:?]
	at com.synaptix.toast.runtime.block.TestBlockRunner.invokeActionAdapterAction(TestBlockRunner.java:102) [classes/:?]
	at com.synaptix.toast.runtime.block.TestBlockRunner.run(TestBlockRunner.java:58) [classes/:?]
	at com.synaptix.toast.runtime.block.TestBlockRunner.run(TestBlockRunner.java:1) [classes/:?]
	at com.synaptix.toast.runtime.TestRunner.run(TestRunner.java:54) [classes/:?]
	at com.synaptix.toast.runtime.AbstractScenarioRunner.runScript(AbstractScenarioRunner.java:117) [classes/:?]
	at com.synaptix.toast.runtime.AbstractScenarioRunner.runScenario(AbstractScenarioRunner.java:62) [classes/:?]
	at com.synaptix.toast.runtime.AbstractScenarioRunner.run(AbstractScenarioRunner.java:51) [classes/:?]
	at fr.synaptix.toast.examples.test.xml.XmlExampleRunner.main(XmlExampleRunner.java:35) [classes/:?]
2015-11-16 11:00:02,392 INFO co.sy.to.ru.bl.BlockRunnerProvider [main] class fr.synaptix.toast.examples.test.xml.SimpleXmlActionAdapter : *$fluxXml* equal to *$instanceAttendue*
2015-11-16 11:00:02,392 ERROR co.sy.to.ru.bl.BlockRunnerProvider [main] fr.synaptix.toast.examples.bean.ProjetFlux
java.lang.ClassNotFoundException: fr.synaptix.toast.examples.bean.ProjetFlux
	at java.net.URLClassLoader.findClass(Unknown Source) ~[?:1.8.0_45]
	at java.lang.ClassLoader.loadClass(Unknown Source) ~[?:1.8.0_45]
	at sun.misc.Launcher$AppClassLoader.loadClass(Unknown Source) ~[?:1.8.0_45]
	at java.lang.ClassLoader.loadClass(Unknown Source) ~[?:1.8.0_45]
	at java.lang.Class.forName0(Native Method) ~[?:1.8.0_45]
	at java.lang.Class.forName(Unknown Source) ~[?:1.8.0_45]
	at com.synaptix.toast.runtime.block.TestBlockRunner.buildArgumentList(TestBlockRunner.java:266) ~[classes/:?]
	at com.synaptix.toast.runtime.block.TestBlockRunner.doLocalActionCall(TestBlockRunner.java:236) [classes/:?]
	at com.synaptix.toast.runtime.block.TestBlockRunner.runThroughLocalActionAdapter(TestBlockRunner.java:156) [classes/:?]
	at com.synaptix.toast.runtime.block.TestBlockRunner.invokeActionAdapterAction(TestBlockRunner.java:102) [classes/:?]
	at com.synaptix.toast.runtime.block.TestBlockRunner.run(TestBlockRunner.java:58) [classes/:?]
	at com.synaptix.toast.runtime.block.TestBlockRunner.run(TestBlockRunner.java:1) [classes/:?]
	at com.synaptix.toast.runtime.TestRunner.run(TestRunner.java:54) [classes/:?]
	at com.synaptix.toast.runtime.AbstractScenarioRunner.runScript(AbstractScenarioRunner.java:117) [classes/:?]
	at com.synaptix.toast.runtime.AbstractScenarioRunner.runScenario(AbstractScenarioRunner.java:62) [classes/:?]
	at com.synaptix.toast.runtime.AbstractScenarioRunner.run(AbstractScenarioRunner.java:51) [classes/:?]
	at fr.synaptix.toast.examples.test.xml.XmlExampleRunner.main(XmlExampleRunner.java:35) [classes/:?]
2015-11-16 11:00:02,855 INFO co.sy.to.ru.AbstractScenarioRunner [main] 1file(s) processed
2015-11-16 11:01:00,092 INFO co.sy.to.ru.AbstractScenarioRunner [main] Start main test parser: ./scripts/xml.example.script
2015-11-16 11:01:00,092 INFO co.sy.to.ru.pa.TestParser [main] Parser intializing..
2015-11-16 11:01:00,139 INFO co.sy.to.ru.pa.TestParser [main] Starting test page parsing: xml.example.script
2015-11-16 11:01:00,186 WARN co.sy.to.ru.bl.BlockRunnerProvider [main] No runner found for : CommentBlock
2015-11-16 11:01:00,186 WARN co.sy.to.ru.bl.BlockRunnerProvider [main] No runner found for : CommentBlock
2015-11-16 11:01:00,233 WARN co.sy.to.ru.bl.BlockRunnerProvider [main] Multiple Services of same kind found implementing the same command: Integrate *$fluxXml*
2015-11-16 11:01:00,233 INFO co.sy.to.ru.bl.BlockRunnerProvider [main] class fr.synaptix.toast.examples.test.xml.SimpleXmlActionAdapter : Integrate *$fluxXml*
2015-11-16 11:01:00,233 ERROR co.sy.to.ru.bl.BlockRunnerProvider [main] fr.synaptix.toast.examples.bean.test.ProjetFlux
java.lang.ClassNotFoundException: fr.synaptix.toast.examples.bean.test.ProjetFlux
	at java.net.URLClassLoader.findClass(Unknown Source) ~[?:1.8.0_45]
	at java.lang.ClassLoader.loadClass(Unknown Source) ~[?:1.8.0_45]
	at sun.misc.Launcher$AppClassLoader.loadClass(Unknown Source) ~[?:1.8.0_45]
	at java.lang.ClassLoader.loadClass(Unknown Source) ~[?:1.8.0_45]
	at java.lang.Class.forName0(Native Method) ~[?:1.8.0_45]
	at java.lang.Class.forName(Unknown Source) ~[?:1.8.0_45]
	at com.synaptix.toast.runtime.block.TestBlockRunner.buildArgumentList(TestBlockRunner.java:266) ~[classes/:?]
	at com.synaptix.toast.runtime.block.TestBlockRunner.doLocalActionCall(TestBlockRunner.java:236) [classes/:?]
	at com.synaptix.toast.runtime.block.TestBlockRunner.runThroughLocalActionAdapter(TestBlockRunner.java:156) [classes/:?]
	at com.synaptix.toast.runtime.block.TestBlockRunner.invokeActionAdapterAction(TestBlockRunner.java:102) [classes/:?]
	at com.synaptix.toast.runtime.block.TestBlockRunner.run(TestBlockRunner.java:58) [classes/:?]
	at com.synaptix.toast.runtime.block.TestBlockRunner.run(TestBlockRunner.java:1) [classes/:?]
	at com.synaptix.toast.runtime.TestRunner.run(TestRunner.java:54) [classes/:?]
	at com.synaptix.toast.runtime.AbstractScenarioRunner.runScript(AbstractScenarioRunner.java:117) [classes/:?]
	at com.synaptix.toast.runtime.AbstractScenarioRunner.runScenario(AbstractScenarioRunner.java:62) [classes/:?]
	at com.synaptix.toast.runtime.AbstractScenarioRunner.run(AbstractScenarioRunner.java:51) [classes/:?]
	at fr.synaptix.toast.examples.test.xml.XmlExampleRunner.main(XmlExampleRunner.java:35) [classes/:?]
2015-11-16 11:01:00,248 INFO co.sy.to.ru.bl.BlockRunnerProvider [main] class fr.synaptix.toast.examples.test.xml.SimpleXmlActionAdapter : *$fluxXml* equal to *$instanceAttendue*
2015-11-16 11:01:00,248 ERROR co.sy.to.ru.bl.BlockRunnerProvider [main] fr.synaptix.toast.examples.bean.test.ProjetFlux
java.lang.ClassNotFoundException: fr.synaptix.toast.examples.bean.test.ProjetFlux
	at java.net.URLClassLoader.findClass(Unknown Source) ~[?:1.8.0_45]
	at java.lang.ClassLoader.loadClass(Unknown Source) ~[?:1.8.0_45]
	at sun.misc.Launcher$AppClassLoader.loadClass(Unknown Source) ~[?:1.8.0_45]
	at java.lang.ClassLoader.loadClass(Unknown Source) ~[?:1.8.0_45]
	at java.lang.Class.forName0(Native Method) ~[?:1.8.0_45]
	at java.lang.Class.forName(Unknown Source) ~[?:1.8.0_45]
	at com.synaptix.toast.runtime.block.TestBlockRunner.buildArgumentList(TestBlockRunner.java:266) ~[classes/:?]
	at com.synaptix.toast.runtime.block.TestBlockRunner.doLocalActionCall(TestBlockRunner.java:236) [classes/:?]
	at com.synaptix.toast.runtime.block.TestBlockRunner.runThroughLocalActionAdapter(TestBlockRunner.java:156) [classes/:?]
	at com.synaptix.toast.runtime.block.TestBlockRunner.invokeActionAdapterAction(TestBlockRunner.java:102) [classes/:?]
	at com.synaptix.toast.runtime.block.TestBlockRunner.run(TestBlockRunner.java:58) [classes/:?]
	at com.synaptix.toast.runtime.block.TestBlockRunner.run(TestBlockRunner.java:1) [classes/:?]
	at com.synaptix.toast.runtime.TestRunner.run(TestRunner.java:54) [classes/:?]
	at com.synaptix.toast.runtime.AbstractScenarioRunner.runScript(AbstractScenarioRunner.java:117) [classes/:?]
	at com.synaptix.toast.runtime.AbstractScenarioRunner.runScenario(AbstractScenarioRunner.java:62) [classes/:?]
	at com.synaptix.toast.runtime.AbstractScenarioRunner.run(AbstractScenarioRunner.java:51) [classes/:?]
	at fr.synaptix.toast.examples.test.xml.XmlExampleRunner.main(XmlExampleRunner.java:35) [classes/:?]
2015-11-16 11:01:00,623 INFO co.sy.to.ru.AbstractScenarioRunner [main] 1file(s) processed
2015-11-16 11:01:31,302 INFO co.sy.to.ru.AbstractScenarioRunner [main] Start main test parser: ./scripts/xml.example.script
2015-11-16 11:01:31,302 INFO co.sy.to.ru.pa.TestParser [main] Parser intializing..
2015-11-16 11:01:31,334 INFO co.sy.to.ru.pa.TestParser [main] Starting test page parsing: xml.example.script
2015-11-16 11:01:31,396 WARN co.sy.to.ru.bl.BlockRunnerProvider [main] No runner found for : CommentBlock
2015-11-16 11:01:31,396 WARN co.sy.to.ru.bl.BlockRunnerProvider [main] No runner found for : CommentBlock
2015-11-16 11:01:31,443 WARN co.sy.to.ru.bl.BlockRunnerProvider [main] Multiple Services of same kind found implementing the same command: Integrate *$fluxXml*
2015-11-16 11:01:31,443 INFO co.sy.to.ru.bl.BlockRunnerProvider [main] class fr.synaptix.toast.examples.test.xml.SimpleXmlActionAdapter : Integrate *$fluxXml*
2015-11-16 11:01:31,646 INFO co.sy.to.ru.bl.BlockRunnerProvider [main] class fr.synaptix.toast.examples.test.xml.SimpleXmlActionAdapter : *$fluxXml* equal to *$instanceAttendue*
2015-11-16 11:01:32,053 INFO co.sy.to.ru.AbstractScenarioRunner [main] 1file(s) processed
2015-11-16 11:07:41,768 INFO co.sy.to.ru.AbstractScenarioRunner [main] Start main test parser: ./scripts/xml.example.script
2015-11-16 11:07:41,768 INFO co.sy.to.ru.pa.TestParser [main] Parser intializing..
2015-11-16 11:07:41,785 INFO co.sy.to.ru.pa.TestParser [main] Starting test page parsing: xml.example.script
2015-11-16 11:07:41,863 WARN co.sy.to.ru.bl.BlockRunnerProvider [main] No runner found for : CommentBlock
2015-11-16 11:07:41,863 WARN co.sy.to.ru.bl.BlockRunnerProvider [main] No runner found for : CommentBlock
2015-11-16 11:07:41,925 WARN co.sy.to.ru.bl.BlockRunnerProvider [main] Multiple Services of same kind found implementing the same command: Integrate *$fluxXml*
2015-11-16 11:07:41,925 INFO co.sy.to.ru.bl.BlockRunnerProvider [main] class fr.synaptix.toast.examples.test.xml.SimpleXmlActionAdapter : Integrate *$fluxXml*
2015-11-16 11:08:34,439 INFO co.sy.to.ru.AbstractScenarioRunner [main] Start main test parser: ./scripts/xml.example.script
2015-11-16 11:08:34,439 INFO co.sy.to.ru.pa.TestParser [main] Parser intializing..
2015-11-16 11:08:34,486 INFO co.sy.to.ru.pa.TestParser [main] Starting test page parsing: xml.example.script
2015-11-16 11:08:34,533 WARN co.sy.to.ru.bl.BlockRunnerProvider [main] No runner found for : CommentBlock
2015-11-16 11:08:34,533 WARN co.sy.to.ru.bl.BlockRunnerProvider [main] No runner found for : CommentBlock
2015-11-16 11:08:34,595 WARN co.sy.to.ru.bl.BlockRunnerProvider [main] Multiple Services of same kind found implementing the same command: Integrate *$fluxXml*
2015-11-16 11:08:34,595 INFO co.sy.to.ru.bl.BlockRunnerProvider [main] class fr.synaptix.toast.examples.test.xml.SimpleXmlActionAdapter : Integrate *$fluxXml*
2015-11-16 11:08:34,627 INFO co.sy.to.ru.bl.BlockRunnerProvider [main] class fr.synaptix.toast.examples.test.xml.SimpleXmlActionAdapter : *$fluxXml* equal to *$instanceAttendue*
2015-11-16 11:08:35,081 INFO co.sy.to.ru.AbstractScenarioRunner [main] 1file(s) processed
2015-11-16 11:11:43,076 INFO co.sy.to.ru.AbstractScenarioRunner [main] Start main test parser: ./scripts/xml.example.script
2015-11-16 11:11:43,076 INFO co.sy.to.ru.pa.TestParser [main] Parser intializing..
2015-11-16 11:11:43,123 INFO co.sy.to.ru.pa.TestParser [main] Starting test page parsing: xml.example.script
2015-11-16 11:11:43,169 WARN co.sy.to.ru.bl.BlockRunnerProvider [main] No runner found for : CommentBlock
2015-11-16 11:11:43,169 WARN co.sy.to.ru.bl.BlockRunnerProvider [main] No runner found for : CommentBlock
2015-11-16 11:11:43,216 WARN co.sy.to.ru.bl.BlockRunnerProvider [main] Multiple Services of same kind found implementing the same command: Integrate *$fluxXml*
2015-11-16 11:11:43,216 INFO co.sy.to.ru.bl.BlockRunnerProvider [main] class fr.synaptix.toast.examples.test.xml.SimpleXmlActionAdapter : Integrate *$fluxXml*
2015-11-16 11:11:43,248 INFO co.sy.to.ru.bl.BlockRunnerProvider [main] class fr.synaptix.toast.examples.test.xml.SimpleXmlActionAdapter : *$fluxXml* equal to *$instanceAttendue*
2015-11-16 11:11:43,733 INFO co.sy.to.ru.AbstractScenarioRunner [main] 1file(s) processed
2015-11-16 11:12:48,558 INFO co.sy.to.ru.AbstractScenarioRunner [main] Start main test parser: ./scripts/xml.example.script
2015-11-16 11:12:48,558 INFO co.sy.to.ru.pa.TestParser [main] Parser intializing..
2015-11-16 11:12:48,589 INFO co.sy.to.ru.pa.TestParser [main] Starting test page parsing: xml.example.script
2015-11-16 11:12:48,636 WARN co.sy.to.ru.bl.BlockRunnerProvider [main] No runner found for : CommentBlock
2015-11-16 11:12:48,636 WARN co.sy.to.ru.bl.BlockRunnerProvider [main] No runner found for : CommentBlock
2015-11-16 11:12:48,683 WARN co.sy.to.ru.bl.BlockRunnerProvider [main] Multiple Services of same kind found implementing the same command: Integrate *$fluxXml*
2015-11-16 11:12:48,698 INFO co.sy.to.ru.bl.BlockRunnerProvider [main] class fr.synaptix.toast.examples.test.xml.SimpleXmlActionAdapter : Integrate *$fluxXml*
2015-11-16 11:12:48,730 INFO co.sy.to.ru.bl.BlockRunnerProvider [main] class fr.synaptix.toast.examples.test.xml.SimpleXmlActionAdapter : *$fluxXml* equal to *$instanceAttendue*
2015-11-16 11:12:49,120 INFO co.sy.to.ru.AbstractScenarioRunner [main] 1file(s) processed
2015-11-16 11:14:08,843 INFO co.sy.to.ru.AbstractScenarioRunner [main] Start main test parser: ./scripts/json.example.script
2015-11-16 11:14:08,843 INFO co.sy.to.ru.pa.TestParser [main] Parser intializing..
2015-11-16 11:14:08,905 INFO co.sy.to.ru.pa.TestParser [main] Starting test page parsing: json.example.script
2015-11-16 11:14:08,952 WARN co.sy.to.ru.bl.BlockRunnerProvider [main] No runner found for : CommentBlock
2015-11-16 11:14:08,999 WARN co.sy.to.ru.bl.BlockRunnerProvider [main] Multiple Services of same kind found implementing the same command: Integrate *$fluxJson*
2015-11-16 11:14:08,999 INFO co.sy.to.ru.bl.BlockRunnerProvider [main] class fr.synaptix.toast.examples.test.xml.SimpleXmlActionAdapter : Integrate *$fluxJson*
2015-11-16 11:14:09,047 ERROR co.sy.to.ru.bl.BlockRunnerProvider [main] null
javax.xml.bind.UnmarshalException
	at javax.xml.bind.helpers.AbstractUnmarshallerImpl.createUnmarshalException(Unknown Source) ~[?:1.8.0_45]
	at com.sun.xml.internal.bind.v2.runtime.unmarshaller.UnmarshallerImpl.createUnmarshalException(Unknown Source) ~[?:1.8.0_45]
	at com.sun.xml.internal.bind.v2.runtime.unmarshaller.UnmarshallerImpl.unmarshal0(Unknown Source) ~[?:1.8.0_45]
	at com.sun.xml.internal.bind.v2.runtime.unmarshaller.UnmarshallerImpl.unmarshal(Unknown Source) ~[?:1.8.0_45]
	at javax.xml.bind.helpers.AbstractUnmarshallerImpl.unmarshal(Unknown Source) ~[?:1.8.0_45]
	at javax.xml.bind.helpers.AbstractUnmarshallerImpl.unmarshal(Unknown Source) ~[?:1.8.0_45]
	at com.synaptix.toast.runtime.block.TestBlockRunner.buildArgumentList(TestBlockRunner.java:270) ~[classes/:?]
	at com.synaptix.toast.runtime.block.TestBlockRunner.doLocalActionCall(TestBlockRunner.java:236) [classes/:?]
	at com.synaptix.toast.runtime.block.TestBlockRunner.runThroughLocalActionAdapter(TestBlockRunner.java:156) [classes/:?]
	at com.synaptix.toast.runtime.block.TestBlockRunner.invokeActionAdapterAction(TestBlockRunner.java:102) [classes/:?]
	at com.synaptix.toast.runtime.block.TestBlockRunner.run(TestBlockRunner.java:58) [classes/:?]
	at com.synaptix.toast.runtime.block.TestBlockRunner.run(TestBlockRunner.java:1) [classes/:?]
	at com.synaptix.toast.runtime.TestRunner.run(TestRunner.java:54) [classes/:?]
	at com.synaptix.toast.runtime.AbstractScenarioRunner.runScript(AbstractScenarioRunner.java:117) [classes/:?]
	at com.synaptix.toast.runtime.AbstractScenarioRunner.runScenario(AbstractScenarioRunner.java:62) [classes/:?]
	at com.synaptix.toast.runtime.AbstractScenarioRunner.run(AbstractScenarioRunner.java:51) [classes/:?]
	at fr.synaptix.toast.examples.test.json.JsonExampleRunner.main(JsonExampleRunner.java:35) [classes/:?]
Caused by: org.xml.sax.SAXParseException: Content is not allowed in prolog.
	at org.apache.xerces.util.ErrorHandlerWrapper.createSAXParseException(Unknown Source) ~[xercesImpl-2.11.0.jar:?]
	at org.apache.xerces.util.ErrorHandlerWrapper.fatalError(Unknown Source) ~[xercesImpl-2.11.0.jar:?]
	at org.apache.xerces.impl.XMLErrorReporter.reportError(Unknown Source) ~[xercesImpl-2.11.0.jar:?]
	at org.apache.xerces.impl.XMLErrorReporter.reportError(Unknown Source) ~[xercesImpl-2.11.0.jar:?]
	at org.apache.xerces.impl.XMLErrorReporter.reportError(Unknown Source) ~[xercesImpl-2.11.0.jar:?]
	at org.apache.xerces.impl.XMLScanner.reportFatalError(Unknown Source) ~[xercesImpl-2.11.0.jar:?]
	at org.apache.xerces.impl.XMLDocumentScannerImpl$PrologDispatcher.dispatch(Unknown Source) ~[xercesImpl-2.11.0.jar:?]
	at org.apache.xerces.impl.XMLDocumentFragmentScannerImpl.scanDocument(Unknown Source) ~[xercesImpl-2.11.0.jar:?]
	at org.apache.xerces.parsers.XML11Configuration.parse(Unknown Source) ~[xercesImpl-2.11.0.jar:?]
	at org.apache.xerces.parsers.XML11Configuration.parse(Unknown Source) ~[xercesImpl-2.11.0.jar:?]
	at org.apache.xerces.parsers.XMLParser.parse(Unknown Source) ~[xercesImpl-2.11.0.jar:?]
	at org.apache.xerces.parsers.AbstractSAXParser.parse(Unknown Source) ~[xercesImpl-2.11.0.jar:?]
	at org.apache.xerces.jaxp.SAXParserImpl$JAXPSAXParser.parse(Unknown Source) ~[xercesImpl-2.11.0.jar:?]
	... 15 more
2015-11-16 11:14:09,500 INFO co.sy.to.ru.AbstractScenarioRunner [main] 1file(s) processed
2015-11-16 11:15:13,474 INFO co.sy.to.ru.AbstractScenarioRunner [main] Start main test parser: ./scripts/json.example.script
2015-11-16 11:15:13,474 INFO co.sy.to.ru.pa.TestParser [main] Parser intializing..
2015-11-16 11:15:13,505 INFO co.sy.to.ru.pa.TestParser [main] Starting test page parsing: json.example.script
2015-11-16 11:15:13,568 WARN co.sy.to.ru.bl.BlockRunnerProvider [main] No runner found for : CommentBlock
2015-11-16 11:15:13,614 ERROR co.sy.to.ru.bl.BlockRunnerProvider [main] No Connector found for command: @service:json-adapter Integrate *$fluxJson*
2015-11-16 11:15:13,989 INFO co.sy.to.ru.AbstractScenarioRunner [main] 1file(s) processed
2015-11-16 11:17:32,869 INFO co.sy.to.ru.AbstractScenarioRunner [main] Start main test parser: ./scripts/json.example.script
2015-11-16 11:17:32,869 INFO co.sy.to.ru.pa.TestParser [main] Parser intializing..
2015-11-16 11:17:32,917 INFO co.sy.to.ru.pa.TestParser [main] Starting test page parsing: json.example.script
2015-11-16 11:17:32,979 WARN co.sy.to.ru.bl.BlockRunnerProvider [main] No runner found for : CommentBlock
2015-11-16 11:18:14,077 WARN co.sy.to.ru.bl.BlockRunnerProvider [main] Multiple Services of same kind found implementing the same command: Integrate *$fluxJson*
2015-11-16 11:18:14,077 INFO co.sy.to.ru.bl.BlockRunnerProvider [main] class fr.synaptix.toast.examples.test.json.SimpleJsonActionAdapter : Integrate *$fluxJson*
2015-11-16 11:18:20,419 ERROR co.sy.to.ru.bl.BlockRunnerProvider [main] fr.synaptix.toast.examples.bean.ProjetFlux
java.lang.ClassNotFoundException: fr.synaptix.toast.examples.bean.ProjetFlux
	at java.net.URLClassLoader.findClass(Unknown Source) ~[?:1.8.0_45]
	at java.lang.ClassLoader.loadClass(Unknown Source) ~[?:1.8.0_45]
	at sun.misc.Launcher$AppClassLoader.loadClass(Unknown Source) ~[?:1.8.0_45]
	at java.lang.ClassLoader.loadClass(Unknown Source) ~[?:1.8.0_45]
	at java.lang.Class.forName0(Native Method) ~[?:1.8.0_45]
	at java.lang.Class.forName(Unknown Source) ~[?:1.8.0_45]
	at com.synaptix.toast.runtime.block.TestBlockRunner.buildArgumentList(TestBlockRunner.java:274) ~[classes/:?]
	at com.synaptix.toast.runtime.block.TestBlockRunner.doLocalActionCall(TestBlockRunner.java:236) [classes/:?]
	at com.synaptix.toast.runtime.block.TestBlockRunner.runThroughLocalActionAdapter(TestBlockRunner.java:156) [classes/:?]
	at com.synaptix.toast.runtime.block.TestBlockRunner.invokeActionAdapterAction(TestBlockRunner.java:102) [classes/:?]
	at com.synaptix.toast.runtime.block.TestBlockRunner.run(TestBlockRunner.java:58) [classes/:?]
	at com.synaptix.toast.runtime.block.TestBlockRunner.run(TestBlockRunner.java:1) [classes/:?]
	at com.synaptix.toast.runtime.TestRunner.run(TestRunner.java:54) [classes/:?]
	at com.synaptix.toast.runtime.AbstractScenarioRunner.runScript(AbstractScenarioRunner.java:117) [classes/:?]
	at com.synaptix.toast.runtime.AbstractScenarioRunner.runScenario(AbstractScenarioRunner.java:62) [classes/:?]
	at com.synaptix.toast.runtime.AbstractScenarioRunner.run(AbstractScenarioRunner.java:51) [classes/:?]
	at fr.synaptix.toast.examples.test.json.JsonExampleRunner.main(JsonExampleRunner.java:35) [classes/:?]
2015-11-16 11:18:20,904 INFO co.sy.to.ru.AbstractScenarioRunner [main] 1file(s) processed
2015-11-16 11:19:03,111 INFO co.sy.to.ru.AbstractScenarioRunner [main] Start main test parser: ./scripts/json.example.script
2015-11-16 11:19:03,111 INFO co.sy.to.ru.pa.TestParser [main] Parser intializing..
2015-11-16 11:19:03,142 INFO co.sy.to.ru.pa.TestParser [main] Starting test page parsing: json.example.script
2015-11-16 11:19:03,204 WARN co.sy.to.ru.bl.BlockRunnerProvider [main] No runner found for : CommentBlock
2015-11-16 11:19:03,251 WARN co.sy.to.ru.bl.BlockRunnerProvider [main] Multiple Services of same kind found implementing the same command: Integrate *$fluxJson*
2015-11-16 11:19:03,251 INFO co.sy.to.ru.bl.BlockRunnerProvider [main] class fr.synaptix.toast.examples.test.xml.SimpleXmlActionAdapter : Integrate *$fluxJson*
2015-11-16 11:19:03,282 ERROR co.sy.to.ru.bl.BlockRunnerProvider [main] null
javax.xml.bind.UnmarshalException
	at javax.xml.bind.helpers.AbstractUnmarshallerImpl.createUnmarshalException(Unknown Source) ~[?:1.8.0_45]
	at com.sun.xml.internal.bind.v2.runtime.unmarshaller.UnmarshallerImpl.createUnmarshalException(Unknown Source) ~[?:1.8.0_45]
	at com.sun.xml.internal.bind.v2.runtime.unmarshaller.UnmarshallerImpl.unmarshal0(Unknown Source) ~[?:1.8.0_45]
	at com.sun.xml.internal.bind.v2.runtime.unmarshaller.UnmarshallerImpl.unmarshal(Unknown Source) ~[?:1.8.0_45]
	at javax.xml.bind.helpers.AbstractUnmarshallerImpl.unmarshal(Unknown Source) ~[?:1.8.0_45]
	at javax.xml.bind.helpers.AbstractUnmarshallerImpl.unmarshal(Unknown Source) ~[?:1.8.0_45]
	at com.synaptix.toast.runtime.block.TestBlockRunner.buildArgumentList(TestBlockRunner.java:270) ~[classes/:?]
	at com.synaptix.toast.runtime.block.TestBlockRunner.doLocalActionCall(TestBlockRunner.java:236) [classes/:?]
	at com.synaptix.toast.runtime.block.TestBlockRunner.runThroughLocalActionAdapter(TestBlockRunner.java:156) [classes/:?]
	at com.synaptix.toast.runtime.block.TestBlockRunner.invokeActionAdapterAction(TestBlockRunner.java:102) [classes/:?]
	at com.synaptix.toast.runtime.block.TestBlockRunner.run(TestBlockRunner.java:58) [classes/:?]
	at com.synaptix.toast.runtime.block.TestBlockRunner.run(TestBlockRunner.java:1) [classes/:?]
	at com.synaptix.toast.runtime.TestRunner.run(TestRunner.java:54) [classes/:?]
	at com.synaptix.toast.runtime.AbstractScenarioRunner.runScript(AbstractScenarioRunner.java:117) [classes/:?]
	at com.synaptix.toast.runtime.AbstractScenarioRunner.runScenario(AbstractScenarioRunner.java:62) [classes/:?]
	at com.synaptix.toast.runtime.AbstractScenarioRunner.run(AbstractScenarioRunner.java:51) [classes/:?]
	at fr.synaptix.toast.examples.test.json.JsonExampleRunner.main(JsonExampleRunner.java:35) [classes/:?]
Caused by: org.xml.sax.SAXParseException: Content is not allowed in prolog.
	at org.apache.xerces.util.ErrorHandlerWrapper.createSAXParseException(Unknown Source) ~[xercesImpl-2.11.0.jar:?]
	at org.apache.xerces.util.ErrorHandlerWrapper.fatalError(Unknown Source) ~[xercesImpl-2.11.0.jar:?]
	at org.apache.xerces.impl.XMLErrorReporter.reportError(Unknown Source) ~[xercesImpl-2.11.0.jar:?]
	at org.apache.xerces.impl.XMLErrorReporter.reportError(Unknown Source) ~[xercesImpl-2.11.0.jar:?]
	at org.apache.xerces.impl.XMLErrorReporter.reportError(Unknown Source) ~[xercesImpl-2.11.0.jar:?]
	at org.apache.xerces.impl.XMLScanner.reportFatalError(Unknown Source) ~[xercesImpl-2.11.0.jar:?]
	at org.apache.xerces.impl.XMLDocumentScannerImpl$PrologDispatcher.dispatch(Unknown Source) ~[xercesImpl-2.11.0.jar:?]
	at org.apache.xerces.impl.XMLDocumentFragmentScannerImpl.scanDocument(Unknown Source) ~[xercesImpl-2.11.0.jar:?]
	at org.apache.xerces.parsers.XML11Configuration.parse(Unknown Source) ~[xercesImpl-2.11.0.jar:?]
	at org.apache.xerces.parsers.XML11Configuration.parse(Unknown Source) ~[xercesImpl-2.11.0.jar:?]
	at org.apache.xerces.parsers.XMLParser.parse(Unknown Source) ~[xercesImpl-2.11.0.jar:?]
	at org.apache.xerces.parsers.AbstractSAXParser.parse(Unknown Source) ~[xercesImpl-2.11.0.jar:?]
	at org.apache.xerces.jaxp.SAXParserImpl$JAXPSAXParser.parse(Unknown Source) ~[xercesImpl-2.11.0.jar:?]
	... 15 more
2015-11-16 11:19:03,659 INFO co.sy.to.ru.AbstractScenarioRunner [main] 1file(s) processed
2015-11-16 11:19:19,817 INFO co.sy.to.ru.AbstractScenarioRunner [main] Start main test parser: ./scripts/json.example.script
2015-11-16 11:19:19,817 INFO co.sy.to.ru.pa.TestParser [main] Parser intializing..
2015-11-16 11:19:19,865 INFO co.sy.to.ru.pa.TestParser [main] Starting test page parsing: json.example.script
2015-11-16 11:19:19,927 WARN co.sy.to.ru.bl.BlockRunnerProvider [main] No runner found for : CommentBlock
2015-11-16 11:19:57,868 WARN co.sy.to.ru.bl.BlockRunnerProvider [main] Multiple Services of same kind found implementing the same command: Integrate *$fluxJson*
2015-11-16 11:19:57,868 INFO co.sy.to.ru.bl.BlockRunnerProvider [main] class fr.synaptix.toast.examples.test.json.SimpleJsonActionAdapter : Integrate *$fluxJson*
2015-11-16 11:19:57,869 ERROR co.sy.to.ru.bl.BlockRunnerProvider [main] com.google.gson.stream.MalformedJsonException: Unterminated object near {  "id": "100"  "name" : "projet"   "
com.google.gson.JsonSyntaxException: com.google.gson.stream.MalformedJsonException: Unterminated object near {  "id": "100"  "name" : "projet"   "
	at com.google.gson.Streams.parse(Streams.java:51) ~[gson-1.7.1.jar:?]
	at com.google.gson.Gson.fromJson(Gson.java:497) ~[gson-1.7.1.jar:?]
	at com.google.gson.Gson.fromJson(Gson.java:467) ~[gson-1.7.1.jar:?]
	at com.google.gson.Gson.fromJson(Gson.java:417) ~[gson-1.7.1.jar:?]
	at com.google.gson.Gson.fromJson(Gson.java:389) ~[gson-1.7.1.jar:?]
	at com.synaptix.toast.runtime.block.TestBlockRunner.buildArgumentList(TestBlockRunner.java:275) ~[classes/:?]
	at com.synaptix.toast.runtime.block.TestBlockRunner.doLocalActionCall(TestBlockRunner.java:236) [classes/:?]
	at com.synaptix.toast.runtime.block.TestBlockRunner.runThroughLocalActionAdapter(TestBlockRunner.java:156) [classes/:?]
	at com.synaptix.toast.runtime.block.TestBlockRunner.invokeActionAdapterAction(TestBlockRunner.java:102) [classes/:?]
	at com.synaptix.toast.runtime.block.TestBlockRunner.run(TestBlockRunner.java:58) [classes/:?]
	at com.synaptix.toast.runtime.block.TestBlockRunner.run(TestBlockRunner.java:1) [classes/:?]
	at com.synaptix.toast.runtime.TestRunner.run(TestRunner.java:54) [classes/:?]
	at com.synaptix.toast.runtime.AbstractScenarioRunner.runScript(AbstractScenarioRunner.java:117) [classes/:?]
	at com.synaptix.toast.runtime.AbstractScenarioRunner.runScenario(AbstractScenarioRunner.java:62) [classes/:?]
	at com.synaptix.toast.runtime.AbstractScenarioRunner.run(AbstractScenarioRunner.java:51) [classes/:?]
	at fr.synaptix.toast.examples.test.json.JsonExampleRunner.main(JsonExampleRunner.java:35) [classes/:?]
Caused by: com.google.gson.stream.MalformedJsonException: Unterminated object near {  "id": "100"  "name" : "projet"   "
	at com.google.gson.stream.JsonReader.syntaxError(JsonReader.java:1111) ~[gson-1.7.1.jar:?]
	at com.google.gson.stream.JsonReader.nextInObject(JsonReader.java:737) ~[gson-1.7.1.jar:?]
	at com.google.gson.stream.JsonReader.quickPeek(JsonReader.java:379) ~[gson-1.7.1.jar:?]
	at com.google.gson.stream.JsonReader.hasNext(JsonReader.java:332) ~[gson-1.7.1.jar:?]
	at com.google.gson.Streams.parseRecursive(Streams.java:82) ~[gson-1.7.1.jar:?]
	at com.google.gson.Streams.parse(Streams.java:40) ~[gson-1.7.1.jar:?]
	... 15 more
2015-11-16 11:19:58,385 INFO co.sy.to.ru.AbstractScenarioRunner [main] 1file(s) processed
2015-11-16 11:20:05,543 INFO co.sy.to.ru.AbstractScenarioRunner [main] Start main test parser: ./scripts/json.example.script
2015-11-16 11:20:05,543 INFO co.sy.to.ru.pa.TestParser [main] Parser intializing..
2015-11-16 11:20:05,591 INFO co.sy.to.ru.pa.TestParser [main] Starting test page parsing: json.example.script
2015-11-16 11:20:05,653 WARN co.sy.to.ru.bl.BlockRunnerProvider [main] No runner found for : CommentBlock
2015-11-16 11:20:11,932 WARN co.sy.to.ru.bl.BlockRunnerProvider [main] Multiple Services of same kind found implementing the same command: Integrate *$fluxJson*
2015-11-16 11:20:14,383 INFO co.sy.to.ru.bl.BlockRunnerProvider [main] class fr.synaptix.toast.examples.test.json.SimpleJsonActionAdapter : Integrate *$fluxJson*
2015-11-16 11:20:17,693 ERROR co.sy.to.ru.bl.BlockRunnerProvider [main] com.google.gson.stream.MalformedJsonException: Unterminated object near {  "id": "100"  "name" : "projet"   "
com.google.gson.JsonSyntaxException: com.google.gson.stream.MalformedJsonException: Unterminated object near {  "id": "100"  "name" : "projet"   "
	at com.google.gson.Streams.parse(Streams.java:51) ~[gson-1.7.1.jar:?]
	at com.google.gson.Gson.fromJson(Gson.java:497) ~[gson-1.7.1.jar:?]
	at com.google.gson.Gson.fromJson(Gson.java:467) ~[gson-1.7.1.jar:?]
	at com.google.gson.Gson.fromJson(Gson.java:417) ~[gson-1.7.1.jar:?]
	at com.google.gson.Gson.fromJson(Gson.java:389) ~[gson-1.7.1.jar:?]
	at com.synaptix.toast.runtime.block.TestBlockRunner.buildArgumentList(TestBlockRunner.java:275) ~[classes/:?]
	at com.synaptix.toast.runtime.block.TestBlockRunner.doLocalActionCall(TestBlockRunner.java:236) [classes/:?]
	at com.synaptix.toast.runtime.block.TestBlockRunner.runThroughLocalActionAdapter(TestBlockRunner.java:156) [classes/:?]
	at com.synaptix.toast.runtime.block.TestBlockRunner.invokeActionAdapterAction(TestBlockRunner.java:102) [classes/:?]
	at com.synaptix.toast.runtime.block.TestBlockRunner.run(TestBlockRunner.java:58) [classes/:?]
	at com.synaptix.toast.runtime.block.TestBlockRunner.run(TestBlockRunner.java:1) [classes/:?]
	at com.synaptix.toast.runtime.TestRunner.run(TestRunner.java:54) [classes/:?]
	at com.synaptix.toast.runtime.AbstractScenarioRunner.runScript(AbstractScenarioRunner.java:117) [classes/:?]
	at com.synaptix.toast.runtime.AbstractScenarioRunner.runScenario(AbstractScenarioRunner.java:62) [classes/:?]
	at com.synaptix.toast.runtime.AbstractScenarioRunner.run(AbstractScenarioRunner.java:51) [classes/:?]
	at fr.synaptix.toast.examples.test.json.JsonExampleRunner.main(JsonExampleRunner.java:35) [classes/:?]
Caused by: com.google.gson.stream.MalformedJsonException: Unterminated object near {  "id": "100"  "name" : "projet"   "
	at com.google.gson.stream.JsonReader.syntaxError(JsonReader.java:1111) ~[gson-1.7.1.jar:?]
	a2015-11-16 11:20:50,519 INFO co.sy.to.ru.AbstractScenarioRunner [main] Start main test parser: ./scripts/json.example.script
2015-11-16 11:20:50,519 INFO co.sy.to.ru.pa.TestParser [main] Parser intializing..
2015-11-16 11:20:50,567 INFO co.sy.to.ru.pa.TestParser [main] Starting test page parsing: json.example.script
2015-11-16 11:20:50,629 WARN co.sy.to.ru.bl.BlockRunnerProvider [main] No runner found for : CommentBlock
2015-11-16 11:20:54,248 WARN co.sy.to.ru.bl.BlockRunnerProvider [main] Multiple Services of same kind found implementing the same command: Integrate *$fluxJson*
2015-11-16 11:20:54,248 INFO co.sy.to.ru.bl.BlockRunnerProvider [main] class fr.synaptix.toast.examples.test.json.SimpleJsonActionAdapter : Integrate *$fluxJson*
2015-11-16 11:20:54,743 INFO co.sy.to.ru.AbstractScenarioRunner [main] 1file(s) processed
2015-11-16 11:21:18,704 INFO co.sy.to.ru.AbstractScenarioRunner [main] Start main test parser: ./scripts/json.example.script
2015-11-16 11:21:18,704 INFO co.sy.to.ru.pa.TestParser [main] Parser intializing..
2015-11-16 11:21:18,735 INFO co.sy.to.ru.pa.TestParser [main] Starting test page parsing: json.example.script
2015-11-16 11:21:18,782 WARN co.sy.to.ru.bl.BlockRunnerProvider [main] No runner found for : CommentBlock
2015-11-16 11:21:18,829 WARN co.sy.to.ru.bl.BlockRunnerProvider [main] Multiple Services of same kind found implementing the same command: Integrate *$fluxJson*
2015-11-16 11:21:18,829 INFO co.sy.to.ru.bl.BlockRunnerProvider [main] class fr.synaptix.toast.examples.test.xml.SimpleXmlActionAdapter : Integrate *$fluxJson*
2015-11-16 11:21:18,876 ERROR co.sy.to.ru.bl.BlockRunnerProvider [main] null
javax.xml.bind.UnmarshalException
	at javax.xml.bind.helpers.AbstractUnmarshallerImpl.createUnmarshalException(Unknown Source) ~[?:1.8.0_45]
	at com.sun.xml.internal.bind.v2.runtime.unmarshaller.UnmarshallerImpl.createUnmarshalException(Unknown Source) ~[?:1.8.0_45]
	at com.sun.xml.internal.bind.v2.runtime.unmarshaller.UnmarshallerImpl.unmarshal0(Unknown Source) ~[?:1.8.0_45]
	at com.sun.xml.internal.bind.v2.runtime.unmarshaller.UnmarshallerImpl.unmarshal(Unknown Source) ~[?:1.8.0_45]
	at javax.xml.bind.helpers.AbstractUnmarshallerImpl.unmarshal(Unknown Source) ~[?:1.8.0_45]
	at javax.xml.bind.helpers.AbstractUnmarshallerImpl.unmarshal(Unknown Source) ~[?:1.8.0_45]
	at com.synaptix.toast.runtime.block.TestBlockRunner.buildArgumentList(TestBlockRunner.java:270) ~[classes/:?]
	at com.synaptix.toast.runtime.block.TestBlockRunner.doLocalActionCall(TestBlockRunner.java:236) [classes/:?]
	at com.synaptix.toast.runtime.block.TestBlockRunner.runThroughLocalActionAdapter(TestBlockRunner.java:156) [classes/:?]
	at com.synaptix.toast.runtime.block.TestBlockRunner.invokeActionAdapterAction(TestBlockRunner.java:102) [classes/:?]
	at com.synaptix.toast.runtime.block.TestBlockRunner.run(TestBlockRunner.java:58) [classes/:?]
	at com.synaptix.toast.runtime.block.TestBlockRunner.run(TestBlockRunner.java:1) [classes/:?]
	at com.synaptix.toast.runtime.TestRunner.run(TestRunner.java:54) [classes/:?]
	at com.synaptix.toast.runtime.AbstractScenarioRunner.runScript(AbstractScenarioRunner.java:117) [classes/:?]
	at com.synaptix.toast.runtime.AbstractScenarioRunner.runScenario(AbstractScenarioRunner.java:62) [classes/:?]
	at com.synaptix.toast.runtime.AbstractScenarioRunner.run(AbstractScenarioRunner.java:51) [classes/:?]
	at fr.synaptix.toast.examples.test.json.JsonExampleRunner.main(JsonExampleRunner.java:35) [classes/:?]
Caused by: org.xml.sax.SAXParseException: Content is not allowed in prolog.
	at org.apache.xerces.util.ErrorHandlerWrapper.createSAXParseException(Unknown Source) ~[xercesImpl-2.11.0.jar:?]
	at org.apache.xerces.util.ErrorHandlerWrapper.fatalError(Unknown Source) ~[xercesImpl-2.11.0.jar:?]
	at org.apache.xerces.impl.XMLErrorReporter.reportError(Unknown Source) ~[xercesImpl-2.11.0.jar:?]
	at org.apache.xerces.impl.XMLErrorReporter.reportError(Unknown Source) ~[xercesImpl-2.11.0.jar:?]
	at org.apache.xerces.impl.XMLErrorReporter.reportError(Unknown Source) ~[xercesImpl-2.11.0.jar:?]
	at org.apache.xerces.impl.XMLScanner.reportFatalError(Unknown Source) ~[xercesImpl-2.11.0.jar:?]
	at org.apache.xerces.impl.XMLDocumentScannerImpl$PrologDispatcher.dispatch(Unknown Source) ~[xercesImpl-2.11.0.jar:?]
	at org.apache.xerces.impl.XMLDocumentFragmentScannerImpl.scanDocument(Unknown Source) ~[xercesImpl-2.11.0.jar:?]
	at org.apache.xerces.parsers.XML11Configuration.parse(Unknown Source) ~[xercesImpl-2.11.0.jar:?]
	at org.apache.xerces.parsers.XML11Configuration.parse(Unknown Source) ~[xercesImpl-2.11.0.jar:?]
	at org.apache.xerces.parsers.XMLParser.parse(Unknown Source) ~[xercesImpl-2.11.0.jar:?]
	at org.apache.xerces.parsers.AbstractSAXParser.parse(Unknown Source) ~[xercesImpl-2.11.0.jar:?]
	at org.apache.xerces.jaxp.SAXParserImpl$JAXPSAXParser.parse(Unknown Source) ~[xercesImpl-2.11.0.jar:?]
	... 15 more
2015-11-16 11:21:19,314 INFO co.sy.to.ru.AbstractScenarioRunner [main] 1file(s) processed
2015-11-16 11:23:35,962 INFO co.sy.to.ru.AbstractScenarioRunner [main] Start main test parser: ./scripts/json.example.script
2015-11-16 11:23:35,962 INFO co.sy.to.ru.pa.TestParser [main] Parser intializing..
2015-11-16 11:23:36,009 INFO co.sy.to.ru.pa.TestParser [main] Starting test page parsing: json.example.script
2015-11-16 11:23:36,056 WARN co.sy.to.ru.bl.BlockRunnerProvider [main] No runner found for : CommentBlock
2015-11-16 11:23:36,103 WARN co.sy.to.ru.bl.BlockRunnerProvider [main] Multiple Services of same kind found implementing the same command: Integrate *$fluxJson*
2015-11-16 11:23:36,103 INFO co.sy.to.ru.bl.BlockRunnerProvider [main] class fr.synaptix.toast.examples.test.xml.SimpleXmlActionAdapter : Integrate *$fluxJson*
2015-11-16 11:23:36,151 ERROR co.sy.to.ru.bl.BlockRunnerProvider [main] null
javax.xml.bind.UnmarshalException
	at javax.xml.bind.helpers.AbstractUnmarshallerImpl.createUnmarshalException(Unknown Source) ~[?:1.8.0_45]
	at com.sun.xml.internal.bind.v2.runtime.unmarshaller.UnmarshallerImpl.createUnmarshalException(Unknown Source) ~[?:1.8.0_45]
	at com.sun.xml.internal.bind.v2.runtime.unmarshaller.UnmarshallerImpl.unmarshal0(Unknown Source) ~[?:1.8.0_45]
	at com.sun.xml.internal.bind.v2.runtime.unmarshaller.UnmarshallerImpl.unmarshal(Unknown Source) ~[?:1.8.0_45]
	at javax.xml.bind.helpers.AbstractUnmarshallerImpl.unmarshal(Unknown Source) ~[?:1.8.0_45]
	at javax.xml.bind.helpers.AbstractUnmarshallerImpl.unmarshal(Unknown Source) ~[?:1.8.0_45]
	at com.synaptix.toast.runtime.block.TestBlockRunner.buildArgumentList(TestBlockRunner.java:274) ~[classes/:?]
	at com.synaptix.toast.runtime.block.TestBlockRunner.doLocalActionCall(TestBlockRunner.java:240) [classes/:?]
	at com.synaptix.toast.runtime.block.TestBlockRunner.runThroughLocalActionAdapter(TestBlockRunner.java:156) [classes/:?]
	at com.synaptix.toast.runtime.block.TestBlockRunner.invokeActionAdapterAction(TestBlockRunner.java:102) [classes/:?]
	at com.synaptix.toast.runtime.block.TestBlockRunner.run(TestBlockRunner.java:58) [classes/:?]
	at com.synaptix.toast.runtime.block.TestBlockRunner.run(TestBlockRunner.java:1) [classes/:?]
	at com.synaptix.toast.runtime.TestRunner.run(TestRunner.java:54) [classes/:?]
	at com.synaptix.toast.runtime.AbstractScenarioRunner.runScript(AbstractScenarioRunner.java:117) [classes/:?]
	at com.synaptix.toast.runtime.AbstractScenarioRunner.runScenario(AbstractScenarioRunner.java:62) [classes/:?]
	at com.synaptix.toast.runtime.AbstractScenarioRunner.run(AbstractScenarioRunner.java:51) [classes/:?]
	at fr.synaptix.toast.examples.test.json.JsonExampleRunner.main(JsonExampleRunner.java:35) [classes/:?]
Caused by: org.xml.sax.SAXParseException: Content is not allowed in prolog.
	at org.apache.xerces.util.ErrorHandlerWrapper.createSAXParseException(Unknown Source) ~[xercesImpl-2.11.0.jar:?]
	at org.apache.xerces.util.ErrorHandlerWrapper.fatalError(Unknown Source) ~[xercesImpl-2.11.0.jar:?]
	at org.apache.xerces.impl.XMLErrorReporter.reportError(Unknown Source) ~[xercesImpl-2.11.0.jar:?]
	at org.apache.xerces.impl.XMLErrorReporter.reportError(Unknown Source) ~[xercesImpl-2.11.0.jar:?]
	at org.apache.xerces.impl.XMLErrorReporter.reportError(Unknown Source) ~[xercesImpl-2.11.0.jar:?]
	at org.apache.xerces.impl.XMLScanner.reportFatalError(Unknown Source) ~[xercesImpl-2.11.0.jar:?]
	at org.apache.xerces.impl.XMLDocumentScannerImpl$PrologDispatcher.dispatch(Unknown Source) ~[xercesImpl-2.11.0.jar:?]
	at org.apache.xerces.impl.XMLDocumentFragmentScannerImpl.scanDocument(Unknown Source) ~[xercesImpl-2.11.0.jar:?]
	at org.apache.xerces.parsers.XML11Configuration.parse(Unknown Source) ~[xercesImpl-2.11.0.jar:?]
	at org.apache.xerces.parsers.XML11Configuration.parse(Unknown Source) ~[xercesImpl-2.11.0.jar:?]
	at org.apache.xerces.parsers.XMLParser.parse(Unknown Source) ~[xercesImpl-2.11.0.jar:?]
	at org.apache.xerces.parsers.AbstractSAXParser.parse(Unknown Source) ~[xercesImpl-2.11.0.jar:?]
	at org.apache.xerces.jaxp.SAXParserImpl$JAXPSAXParser.parse(Unknown Source) ~[xercesImpl-2.11.0.jar:?]
	... 15 more
2015-11-16 11:23:36,574 INFO co.sy.to.ru.AbstractScenarioRunner [main] 1file(s) processed
2015-11-16 11:25:56,330 INFO co.sy.to.ru.AbstractScenarioRunner [main] Start main test parser: ./scripts/json.example.script
2015-11-16 11:25:56,330 INFO co.sy.to.ru.pa.TestParser [main] Parser intializing..
2015-11-16 11:25:56,362 INFO co.sy.to.ru.pa.TestParser [main] Starting test page parsing: json.example.script
2015-11-16 11:25:56,408 WARN co.sy.to.ru.bl.BlockRunnerProvider [main] No runner found for : CommentBlock
2015-11-16 11:25:56,471 INFO co.sy.to.ru.bl.BlockRunnerProvider [main] class fr.synaptix.toast.examples.test.json.SimpleJsonActionAdapter : Integrate *$fluxJson*
2015-11-16 11:25:56,908 INFO co.sy.to.ru.AbstractScenarioRunner [main] 1file(s) processed
2015-11-16 11:26:09,993 INFO co.sy.to.ru.AbstractScenarioRunner [main] Start main test parser: ./scripts/json.example.script
2015-11-16 11:26:10,008 INFO co.sy.to.ru.pa.TestParser [main] Parser intializing..
2015-11-16 11:26:10,039 INFO co.sy.to.ru.pa.TestParser [main] Starting test page parsing: json.example.script
2015-11-16 11:26:10,102 WARN co.sy.to.ru.bl.BlockRunnerProvider [main] No runner found for : CommentBlock
2015-11-16 11:26:10,149 INFO co.sy.to.ru.bl.BlockRunnerProvider [main] class fr.synaptix.toast.examples.test.json.SimpleJsonActionAdapter : Integrate *$fluxJson*
2015-11-16 11:26:10,570 INFO co.sy.to.ru.AbstractScenarioRunner [main] 1file(s) processed
2015-11-16 13:14:46,133 INFO co.sy.to.ru.AbstractScenarioRunner [main] Start main test parser: ./scripts/service.example.script
2015-11-16 13:14:46,133 INFO co.sy.to.ru.pa.TestParser [main] Parser intializing..
2015-11-16 13:14:46,180 INFO co.sy.to.ru.pa.TestParser [main] Starting test page parsing: service.example.script
2015-11-16 13:14:46,227 WARN co.sy.to.ru.bl.BlockRunnerProvider [main] No runner found for : CommentBlock
2015-11-16 13:14:46,306 INFO co.sy.to.ru.bl.BlockRunnerProvider [main] class fr.synaptix.toast.examples.test.service.SimpleServiceActionAdapter : *toto* = *titi*
2015-11-16 13:14:46,306 ERROR co.sy.to.ru.bl.BlockRunnerProvider [main] null
java.lang.reflect.InvocationTargetException
	at sun.reflect.NativeMethodAccessorImpl.invoke0(Native Method) ~[?:1.8.0_45]
	at sun.reflect.NativeMethodAccessorImpl.invoke(Unknown Source) ~[?:1.8.0_45]
	at sun.reflect.DelegatingMethodAccessorImpl.invoke(Unknown Source) ~[?:1.8.0_45]
	at java.lang.reflect.Method.invoke(Unknown Source) ~[?:1.8.0_45]
	at com.synaptix.toast.runtime.block.TestBlockRunner.doLocalActionCall(TestBlockRunner.java:245) [classes/:?]
	at com.synaptix.toast.runtime.block.TestBlockRunner.runThroughLocalActionAdapter(TestBlockRunner.java:156) [classes/:?]
	at com.synaptix.toast.runtime.block.TestBlockRunner.invokeActionAdapterAction(TestBlockRunner.java:102) [classes/:?]
	at com.synaptix.toast.runtime.block.TestBlockRunner.run(TestBlockRunner.java:58) [classes/:?]
	at com.synaptix.toast.runtime.block.TestBlockRunner.run(TestBlockRunner.java:1) [classes/:?]
	at com.synaptix.toast.runtime.TestRunner.run(TestRunner.java:54) [classes/:?]
	at com.synaptix.toast.runtime.AbstractScenarioRunner.runScript(AbstractScenarioRunner.java:117) [classes/:?]
	at com.synaptix.toast.runtime.AbstractScenarioRunner.runScenario(AbstractScenarioRunner.java:62) [classes/:?]
	at com.synaptix.toast.runtime.AbstractScenarioRunner.run(AbstractScenarioRunner.java:51) [classes/:?]
	at fr.synaptix.toast.examples.test.service.ServiceExampleRunner.main(ServiceExampleRunner.java:35) [classes/:?]
Caused by: java.lang.NullPointerException
	at fr.synaptix.toast.examples.test.service.SimpleServiceActionAdapter.simpleAssert(SimpleServiceActionAdapter.java:55) ~[classes/:?]
	... 14 more
2015-11-16 13:14:46,306 INFO co.sy.to.ru.bl.BlockRunnerProvider [main] class fr.synaptix.toast.examples.test.service.SimpleServiceActionAdapter : *toto* = *toto*
2015-11-16 13:14:46,306 ERROR co.sy.to.ru.bl.BlockRunnerProvider [main] null
java.lang.reflect.InvocationTargetException
	at sun.reflect.NativeMethodAccessorImpl.invoke0(Native Method) ~[?:1.8.0_45]
	at sun.reflect.NativeMethodAccessorImpl.invoke(Unknown Source) ~[?:1.8.0_45]
	at sun.reflect.DelegatingMethodAccessorImpl.invoke(Unknown Source) ~[?:1.8.0_45]
	at java.lang.reflect.Method.invoke(Unknown Source) ~[?:1.8.0_45]
	at com.synaptix.toast.runtime.block.TestBlockRunner.doLocalActionCall(TestBlockRunner.java:245) [classes/:?]
	at com.synaptix.toast.runtime.block.TestBlockRunner.runThroughLocalActionAdapter(TestBlockRunner.java:156) [classes/:?]
	at com.synaptix.toast.runtime.block.TestBlockRunner.invokeActionAdapterAction(TestBlockRunner.java:102) [classes/:?]
	at com.synaptix.toast.runtime.block.TestBlockRunner.run(TestBlockRunner.java:58) [classes/:?]
	at com.synaptix.toast.runtime.block.TestBlockRunner.run(TestBlockRunner.java:1) [classes/:?]
	at com.synaptix.toast.runtime.TestRunner.run(TestRunner.java:54) [classes/:?]
	at com.synaptix.toast.runtime.AbstractScenarioRunner.runScript(AbstractScenarioRunner.java:117) [classes/:?]
	at com.synaptix.toast.runtime.AbstractScenarioRunner.runScenario(AbstractScenarioRunner.java:62) [classes/:?]
	at com.synaptix.toast.runtime.AbstractScenarioRunner.run(AbstractScenarioRunner.java:51) [classes/:?]
	at fr.synaptix.toast.examples.test.service.ServiceExampleRunner.main(ServiceExampleRunner.java:35) [classes/:?]
Caused by: java.lang.NullPointerException
	at fr.synaptix.toast.examples.test.service.SimpleServiceActionAdapter.simpleAssert(SimpleServiceActionAdapter.java:55) ~[classes/:?]
	... 14 more
2015-11-16 13:14:46,306 WARN co.sy.to.ru.bl.BlockRunnerProvider [main] No runner found for : CommentBlock
2015-11-16 13:14:46,306 WARN co.sy.to.ru.bl.BlockRunnerProvider [main] No runner found for : CommentBlock
2015-11-16 13:14:46,307 INFO co.sy.to.ru.bl.BlockRunnerProvider [main] class fr.synaptix.toast.examples.test.service.SimpleServiceActionAdapter : GET *http://www.google.com*
2015-11-16 13:14:46,307 ERROR co.sy.to.ru.bl.BlockRunnerProvider [main] null
java.lang.NullPointerException
	at com.synaptix.toast.runtime.block.TestBlockRunner.buildArgumentList(TestBlockRunner.java:272) ~[classes/:?]
	at com.synaptix.toast.runtime.block.TestBlockRunner.doLocalActionCall(TestBlockRunner.java:244) [classes/:?]
	at com.synaptix.toast.runtime.block.TestBlockRunner.runThroughLocalActionAdapter(TestBlockRunner.java:156) [classes/:?]
	at com.synaptix.toast.runtime.block.TestBlockRunner.invokeActionAdapterAction(TestBlockRunner.java:102) [classes/:?]
	at com.synaptix.toast.runtime.block.TestBlockRunner.run(TestBlockRunner.java:58) [classes/:?]
	at com.synaptix.toast.runtime.block.TestBlockRunner.run(TestBlockRunner.java:1) [classes/:?]
	at com.synaptix.toast.runtime.TestRunner.run(TestRunner.java:54) [classes/:?]
	at com.synaptix.toast.runtime.AbstractScenarioRunner.runScript(AbstractScenarioRunner.java:117) [classes/:?]
	at com.synaptix.toast.runtime.AbstractScenarioRunner.runScenario(AbstractScenarioRunner.java:62) [classes/:?]
	at com.synaptix.toast.runtime.AbstractScenarioRunner.run(AbstractScenarioRunner.java:51) [classes/:?]
	at fr.synaptix.toast.examples.test.service.ServiceExampleRunner.main(ServiceExampleRunner.java:35) [classes/:?]
2015-11-16 13:14:46,307 INFO co.sy.to.ru.bl.BlockRunnerProvider [main] class fr.synaptix.toast.examples.test.service.SimpleServiceActionAdapter : POST *$jsonToPost* to *$url*
2015-11-16 13:14:46,307 ERROR co.sy.to.ru.bl.BlockRunnerProvider [main] Expecting object found: "$url"
com.google.gson.JsonParseException: Expecting object found: "$url"
	at com.google.gson.JsonObjectDeserializationVisitor.visitFieldUsingCustomHandler(JsonObjectDeserializationVisitor.java:100) ~[gson-1.7.1.jar:?]
	at com.google.gson.ReflectingFieldNavigator.visitFieldsReflectively(ReflectingFieldNavigator.java:63) ~[gson-1.7.1.jar:?]
	at com.google.gson.ObjectNavigator.accept(ObjectNavigator.java:120) ~[gson-1.7.1.jar:?]
	at com.google.gson.JsonDeserializationContextDefault.fromJsonPrimitive(JsonDeserializationContextDefault.java:85) ~[gson-1.7.1.jar:?]
	at com.google.gson.JsonDeserializationContextDefault.deserialize(JsonDeserializationContextDefault.java:56) ~[gson-1.7.1.jar:?]
	at com.google.gson.Gson.fromJson(Gson.java:551) ~[gson-1.7.1.jar:?]
	at com.google.gson.Gson.fromJson(Gson.java:498) ~[gson-1.7.1.jar:?]
	at com.google.gson.Gson.fromJson(Gson.java:467) ~[gson-1.7.1.jar:?]
	at com.google.gson.Gson.fromJson(Gson.java:417) ~[gson-1.7.1.jar:?]
	at com.google.gson.Gson.fromJson(Gson.java:389) ~[gson-1.7.1.jar:?]
	at com.synaptix.toast.runtime.block.TestBlockRunner.buildArgumentList(TestBlockRunner.java:283) ~[classes/:?]
	at com.synaptix.toast.runtime.block.TestBlockRunner.doLocalActionCall(TestBlockRunner.java:244) [classes/:?]
	at com.synaptix.toast.runtime.block.TestBlockRunner.runThroughLocalActionAdapter(TestBlockRunner.java:156) [classes/:?]
	at com.synaptix.toast.runtime.block.TestBlockRunner.invokeActionAdapterAction(TestBlockRunner.java:102) [classes/:?]
	at com.synaptix.toast.runtime.block.TestBlockRunner.run(TestBlockRunner.java:58) [classes/:?]
	at com.synaptix.toast.runtime.block.TestBlockRunner.run(TestBlockRunner.java:1) [classes/:?]
	at com.synaptix.toast.runtime.TestRunner.run(TestRunner.java:54) [classes/:?]
	at com.synaptix.toast.runtime.AbstractScenarioRunner.runScript(AbstractScenarioRunner.java:117) [classes/:?]
	at com.synaptix.toast.runtime.AbstractScenarioRunner.runScenario(AbstractScenarioRunner.java:62) [classes/:?]
	at com.synaptix.toast.runtime.AbstractScenarioRunner.run(AbstractScenarioRunner.java:51) [classes/:?]
	at fr.synaptix.toast.examples.test.service.ServiceExampleRunner.main(ServiceExampleRunner.java:35) [classes/:?]
2015-11-16 13:14:46,806 INFO co.sy.to.ru.AbstractScenarioRunner [main] 1file(s) processed
2015-11-16 13:16:41,900 INFO co.sy.to.ru.AbstractScenarioRunner [main] Start main test parser: ./scripts/service.example.script
2015-11-16 13:16:41,900 INFO co.sy.to.ru.pa.TestParser [main] Parser intializing..
2015-11-16 13:16:41,932 INFO co.sy.to.ru.pa.TestParser [main] Starting test page parsing: service.example.script
2015-11-16 13:16:41,979 WARN co.sy.to.ru.bl.BlockRunnerProvider [main] No runner found for : CommentBlock
2015-11-16 13:16:52,397 INFO co.sy.to.ru.bl.BlockRunnerProvider [main] class fr.synaptix.toast.examples.test.service.SimpleServiceActionAdapter : *toto* = *titi*
2015-11-16 13:16:52,398 ERROR co.sy.to.ru.bl.BlockRunnerProvider [main] null
java.lang.reflect.InvocationTargetException
	at sun.reflect.NativeMethodAccessorImpl.invoke0(Native Method) ~[?:1.8.0_45]
	at sun.reflect.NativeMethodAccessorImpl.invoke(Unknown Source) ~[?:1.8.0_45]
	at sun.reflect.DelegatingMethodAccessorImpl.invoke(Unknown Source) ~[?:1.8.0_45]
	at java.lang.reflect.Method.invoke(Unknown Source) ~[?:1.8.0_45]
	at com.synaptix.toast.runtime.block.TestBlockRunner.doLocalActionCall(TestBlockRunner.java:245) [classes/:?]
	at com.synaptix.toast.runtime.block.TestBlockRunner.runThroughLocalActionAdapter(TestBlockRunner.java:156) [classes/:?]
	at com.synaptix.toast.runtime.block.TestBlockRunner.invokeActionAdapterAction(TestBlockRunner.java:102) [classes/:?]
	at com.synaptix.toast.runtime.block.TestBlockRunner.run(TestBlockRunner.java:58) [classes/:?]
	at com.synaptix.toast.runtime.block.TestBlockRunner.run(TestBlockRunner.java:1) [classes/:?]
	at com.synaptix.toast.runtime.TestRunner.run(TestRunner.jav2015-11-16 13:18:21,750 INFO co.sy.to.ru.AbstractScenarioRunner [main] Start main test parser: ./scripts/service.example.script
2015-11-16 13:18:21,765 INFO co.sy.to.ru.pa.TestParser [main] Parser intializing..
2015-11-16 13:18:21,812 INFO co.sy.to.ru.pa.TestParser [main] Starting test page parsing: service.example.script
2015-11-16 13:18:21,843 WARN co.sy.to.ru.bl.BlockRunnerProvider [main] No runner found for : CommentBlock
2015-11-16 13:18:21,906 INFO co.sy.to.ru.bl.BlockRunnerProvider [main] class fr.synaptix.toast.examples.test.service.SimpleServiceActionAdapter : *toto* = *titi*
2015-11-16 13:18:21,906 INFO co.sy.to.ru.bl.BlockRunnerProvider [main] class fr.synaptix.toast.examples.test.service.SimpleServiceActionAdapter : *toto* = *toto*
2015-11-16 13:18:21,906 WARN co.sy.to.ru.bl.BlockRunnerProvider [main] No runner found for : CommentBlock
2015-11-16 13:18:21,906 WARN co.sy.to.ru.bl.BlockRunnerProvider [main] No runner found for : CommentBlock
2015-11-16 13:18:21,921 INFO co.sy.to.ru.bl.BlockRunnerProvider [main] class fr.synaptix.toast.examples.test.service.SimpleServiceActionAdapter : GET *http://www.google.com*
2015-11-16 13:18:21,921 ERROR co.sy.to.ru.bl.BlockRunnerProvider [main] null
java.lang.NullPointerException
	at com.synaptix.toast.runtime.block.TestBlockRunner.buildArgumentList(TestBlockRunner.java:272) ~[classes/:?]
	at com.synaptix.toast.runtime.block.TestBlockRunner.doLocalActionCall(TestBlockRunner.java:244) [classes/:?]
	at com.synaptix.toast.runtime.block.TestBlockRunner.runThroughLocalActionAdapter(TestBlockRunner.java:156) [classes/:?]
	at com.synaptix.toast.runtime.block.TestBlockRunner.invokeActionAdapterAction(TestBlockRunner.java:102) [classes/:?]
	at com.synaptix.toast.runtime.block.TestBlockRunner.run(TestBlockRunner.java:58) [classes/:?]
	at com.synaptix.toast.runtime.block.TestBlockRunner.run(TestBlockRunner.java:1) [classes/:?]
	at com.synaptix.toast.runtime.TestRunner.run(TestRunner.java:54) [classes/:?]
	at com.synaptix.toast.runtime.AbstractScenarioRunner.runScript(AbstractScenarioRunner.java:117) [classes/:?]
	at com.synaptix.toast.runtime.AbstractScenarioRunner.runScenario(AbstractScenarioRunner.java:62) [classes/:?]
	at com.synaptix.toast.runtime.AbstractScenarioRunner.run(AbstractScenarioRunner.java:51) [classes/:?]
	at fr.synaptix.toast.examples.test.service.ServiceExampleRunner.main(ServiceExampleRunner.java:35) [classes/:?]
2015-11-16 13:18:21,921 INFO co.sy.to.ru.bl.BlockRunnerProvider [main] class fr.synaptix.toast.examples.test.service.SimpleServiceActionAdapter : POST *$jsonToPost* to *$url*
2015-11-16 13:18:21,921 ERROR co.sy.to.ru.bl.BlockRunnerProvider [main] Expecting object found: "$url"
com.google.gson.JsonParseException: Expecting object found: "$url"
	at com.google.gson.JsonObjectDeserializationVisitor.visitFieldUsingCustomHandler(JsonObjectDeserializationVisitor.java:100) ~[gson-1.7.1.jar:?]
	at com.google.gson.ReflectingFieldNavigator.visitFieldsReflectively(ReflectingFieldNavigator.java:63) ~[gson-1.7.1.jar:?]
	at com.google.gson.ObjectNavigator.accept(ObjectNavigator.java:120) ~[gson-1.7.1.jar:?]
	at com.google.gson.JsonDeserializationContextDefault.fromJsonPrimitive(JsonDeserializationContextDefault.java:85) ~[gson-1.7.1.jar:?]
	at com.google.gson.JsonDeserializationContextDefault.deserialize(JsonDeserializationContextDefault.java:56) ~[gson-1.7.1.jar:?]
	at com.google.gson.Gson.fromJson(Gson.java:551) ~[gson-1.7.1.jar:?]
	at com.google.gson.Gson.fromJson(Gson.java:498) ~[gson-1.7.1.jar:?]
	at com.google.gson.Gson.fromJson(Gson.java:467) ~[gson-1.7.1.jar:?]
	at com.google.gson.Gson.fromJson(Gson.java:417) ~[gson-1.7.1.jar:?]
	at com.google.gson.Gson.fromJson(Gson.java:389) ~[gson-1.7.1.jar:?]
	at com.synaptix.toast.runtime.block.TestBlockRunner.buildArgumentList(TestBlockRunner.java:283) ~[classes/:?]
	at com.synaptix.toast.runtime.block.TestBlockRunner.doLocalActionCall(TestBlockRunner.java:244) [classes/:?]
	at com.synaptix.toast.runtime.block.TestBlockRunner.runThroughLocalActionAdapter(TestBlockRunner.java:156) [classes/:?]
	at com.synaptix.toast.runtime.block.TestBlockRunner.invokeActionAdapterAction(TestBlockRunner.java:102) [classes/:?]
	at com.synaptix.toast.runtime.block.TestBlockRunner.run(TestBlockRunner.java:58) [classes/:?]
	at com.synaptix.toast.runtime.block.TestBlockRunner.run(TestBlockRunner.java:1) [classes/:?]
	at com.synaptix.toast.runtime.TestRunner.run(TestRunner.java:54) [classes/:?]
	at com.synaptix.toast.runtime.AbstractScenarioRunner.runScript(AbstractScenarioRunner.java:117) [classes/:?]
	at com.synaptix.toast.runtime.AbstractScenarioRunner.runScenario(AbstractScenarioRunner.java:62) [classes/:?]
	at com.synaptix.toast.runtime.AbstractScenarioRunner.run(AbstractScenarioRunner.java:51) [classes/:?]
	at fr.synaptix.toast.examples.test.service.ServiceExampleRunner.main(ServiceExampleRunner.java:35) [classes/:?]
2015-11-16 13:18:22,374 INFO co.sy.to.ru.AbstractScenarioRunner [main] 1file(s) processed
2015-11-16 13:19:06,825 INFO co.sy.to.ru.AbstractScenarioRunner [main] Start main test parser: ./scripts/service.example.script
2015-11-16 13:19:06,825 INFO co.sy.to.ru.pa.TestParser [main] Parser intializing..
2015-11-16 13:19:06,872 INFO co.sy.to.ru.pa.TestParser [main] Starting test page parsing: service.example.script
2015-11-16 13:19:06,919 WARN co.sy.to.ru.bl.BlockRunnerProvider [main] No runner found for : CommentBlock
2015-11-16 13:19:06,966 INFO co.sy.to.ru.bl.BlockRunnerProvider [main] class fr.synaptix.toast.examples.test.service.SimpleServiceActionAdapter : *toto* = *titi*
2015-11-16 13:19:06,981 INFO co.sy.to.ru.bl.BlockRunnerProvider [main] class fr.synaptix.toast.examples.test.service.SimpleServiceActionAdapter : *toto* = *toto*
2015-11-16 13:19:06,981 WARN co.sy.to.ru.bl.BlockRunnerProvider [main] No runner found for : CommentBlock
2015-11-16 13:19:06,981 WARN co.sy.to.ru.bl.BlockRunnerProvider [main] No runner found for : CommentBlock
2015-11-16 13:19:06,981 INFO co.sy.to.ru.bl.BlockRunnerProvider [main] class fr.synaptix.toast.examples.test.service.SimpleServiceActionAdapter : GET *http://www.google.com*
2015-11-16 13:19:06,981 ERROR co.sy.to.ru.bl.BlockRunnerProvider [main] null
java.lang.NullPointerException
	at com.synaptix.toast.runtime.block.TestBlockRunner.buildArgumentList(TestBlockRunner.java:272) ~[classes/:?]
	at com.synaptix.toast.runtime.block.TestBlockRunner.doLocalActionCall(TestBlockRunner.java:244) [classes/:?]
	at com.synaptix.toast.runtime.block.TestBlockRunner.runThroughLocalActionAdapter(TestBlockRunner.java:156) [classes/:?]
	at com.synaptix.toast.runtime.block.TestBlockRunner.invokeActionAdapterAction(TestBlockRunner.java:102) [classes/:?]
	at com.synaptix.toast.runtime.block.TestBlockRunner.run(TestBlockRunner.java:58) [classes/:?]
	at com.synaptix.toast.runtime.block.TestBlockRunner.run(TestBlockRunner.java:1) [classes/:?]
	at com.synaptix.toast.runtime.TestRunner.run(TestRunner.java:54) [classes/:?]
	at com.synaptix.toast.runtime.AbstractScenarioRunner.runScript(AbstractScenarioRunner.java:117) [classes/:?]
	at com.synaptix.toast.runtime.AbstractScenarioRunner.runScenario(AbstractScenarioRunner.java:62) [classes/:?]
	at com.synaptix.toast.runtime.AbstractScenarioRunner.run(AbstractScenarioRunner.java:51) [classes/:?]
	at fr.synaptix.toast.examples.test.service.ServiceExampleRunner.main(ServiceExampleRunner.java:35) [classes/:?]
2015-11-16 13:19:06,981 INFO co.sy.to.ru.bl.BlockRunnerProvider [main] class fr.synaptix.toast.examples.test.service.SimpleServiceActionAdapter : POST *$jsonToPost* to *$url*
2015-11-16 13:19:06,981 ERROR co.sy.to.ru.bl.BlockRunnerProvider [main] Expecting object found: "http"
com.google.gson.JsonParseException: Expecting object found: "http"
	at com.google.gson.JsonObjectDeserializationVisitor.visitFieldUsingCustomHandler(JsonObjectDeserializationVisitor.java:100) ~[gson-1.7.1.jar:?]
	at com.google.gson.ReflectingFieldNavigator.visitFieldsReflectively(ReflectingFieldNavigator.java:63) ~[gson-1.7.1.jar:?]
	at com.google.gson.ObjectNavigator.accept(ObjectNavigator.java:120) ~[gson-1.7.1.jar:?]
	at com.google.gson.JsonDeserializationContextDefault.fromJsonPrimitive(JsonDeserializationContextDefault.java:85) ~[gson-1.7.1.jar:?]
	at com.google.gson.JsonDeserializationContextDefault.deserialize(JsonDeserializationContextDefault.java:56) ~[gson-1.7.1.jar:?]
	at com.google.gson.Gson.fromJson(Gson.java:551) ~[gson-1.7.1.jar:?]
	at com.google.gson.Gson.fromJson(Gson.java:498) ~[gson-1.7.1.jar:?]
	at com.google.gson.Gson.fromJson(Gson.java:467) ~[gson-1.7.1.jar:?]
	at com.google.gson.Gson.fromJson(Gson.java:417) ~[gson-1.7.1.jar:?]
	at com.google.gson.Gson.fromJson(Gson.java:389) ~[gson-1.7.1.jar:?]
	at com.synaptix.toast.runtime.block.TestBlockRunner.buildArgumentList(TestBlockRunner.java:283) ~[classes/:?]
	at com.synaptix.toast.runtime.block.TestBlockRunner.doLocalActionCall(TestBlockRunner.java:244) [classes/:?]
	at com.synaptix.toast.runtime.block.TestBlockRunner.runThroughLocalActionAdapter(TestBlockRunner.java:156) [classes/:?]
	at com.synaptix.toast.runtime.block.TestBlockRunner.invokeActionAdapterAction(TestBlockRunner.java:102) [classes/:?]
	at com.synaptix.toast.runtime.block.TestBlockRunner.run(TestBlockRunner.java:58) [classes/:?]
	at com.synaptix.toast.runtime.block.TestBlockRunner.run(TestBlockRunner.java:1) [classes/:?]
	at com.synaptix.toast.runtime.TestRunner.run(TestRunner.java:54) [classes/:?]
	at com.synaptix.toast.runtime.AbstractScenarioRunner.runScript(AbstractScenarioRunner.java:117) [classes/:?]
	at com.synaptix.toast.runtime.AbstractScenarioRunner.runScenario(AbstractScenarioRunner.java:62) [classes/:?]
	at com.synaptix.toast.runtime.AbstractScenarioRunner.run(AbstractScenarioRunner.java:51) [classes/:?]
	at fr.synaptix.toast.examples.test.service.ServiceExampleRunner.main(ServiceExampleRunner.java:35) [classes/:?]
2015-11-16 13:19:07,371 INFO co.sy.to.ru.AbstractScenarioRunner [main] 1file(s) processed
2015-11-16 13:19:32,798 INFO co.sy.to.ru.AbstractScenarioRunner [main] Start main test parser: ./scripts/service.example.script
2015-11-16 13:19:32,798 INFO co.sy.to.ru.pa.TestParser [main] Parser intializing..
2015-11-16 13:19:32,846 INFO co.sy.to.ru.pa.TestParser [main] Starting test page parsing: service.example.script
2015-11-16 13:19:32,892 WARN co.sy.to.ru.bl.BlockRunnerProvider [main] No runner found for : CommentBlock
2015-11-16 13:19:32,970 INFO co.sy.to.ru.bl.BlockRunnerProvider [main] class fr.synaptix.toast.examples.test.service.SimpleServiceActionAdapter : *toto* = *titi*
2015-11-16 13:19:39,296 INFO co.sy.to.ru.bl.BlockRunnerProvider [main] class fr.synaptix.toast.examples.test.service.SimpleServiceActionAdapter : *toto* = *toto*
2015-11-16 13:19:42,138 WARN co.sy.to.ru.bl.BlockRunnerProvider [main] No runner found for : CommentBlock
2015-11-16 13:19:42,138 WARN co.sy.to.ru.bl.BlockRunnerProvider [main] No runner found for : CommentBlock
2015-11-16 13:19:42,138 INFO co.sy.to.ru.bl.BlockRunnerProvider [main] class fr.synaptix.toast.examples.test.service.SimpleServiceActionAdapter : GET *http://www.google.com*
2015-11-16 13:19:56,754 ERROR co.sy.to.ru.bl.BlockRunnerProvider [main] null
java.lang.NullPointerException
	at com.synaptix.toast.runtime.block.TestBlockRunner.buildArgumentList(TestBlockRunner.java:272) ~[classes/:?]
	at com.synaptix.toast.runtime.block.TestBlockRunner.doLocalActionCall(TestBlockRunner.java:244) [classes/:?]
	at com.synaptix.toast.runtime.block.TestBlockRunner.runThroughLocalActionAdapter(TestBlockRunner.java:156) [classes/:?]
	at com.synaptix.toast.runtime.block.TestBlockRunner.invokeActionAdapterAction(TestBlockRunner.java:102) [classes/:?]
	at com.synaptix.toast.runtime.block.TestBlockRunner.run(TestBlockRunner.java:58) [classes/:?]
	at com.synaptix.toast.runtime.block.TestBlockRunner.run(TestBlockRunner.java:1) [classes/:?]
	at com.synaptix.toast.runtime.TestRunner.run(TestRunner.java:54) [classes/:?]
	at com.synaptix.toast.runtime.AbstractScenarioRunner.runScript(AbstractScenarioRunner.java:117) [classes/:?]
	at com.synaptix.toast.runtime.AbstractScenarioRunner.runScenario(AbstractSce2015-11-16 13:20:46,119 INFO co.sy.to.ru.AbstractScenarioRunner [main] Start main test parser: ./scripts/service.example.script
2015-11-16 13:20:46,119 INFO co.sy.to.ru.pa.TestParser [main] Parser intializing..
2015-11-16 13:20:46,151 INFO co.sy.to.ru.pa.TestParser [main] Starting test page parsing: service.example.script
2015-11-16 13:20:46,197 WARN co.sy.to.ru.bl.BlockRunnerProvider [main] No runner found for : CommentBlock
2015-11-16 13:20:46,260 INFO co.sy.to.ru.bl.BlockRunnerProvider [main] class fr.synaptix.toast.examples.test.service.SimpleServiceActionAdapter : *toto* = *titi*
2015-11-16 13:20:46,260 INFO co.sy.to.ru.bl.BlockRunnerProvider [main] class fr.synaptix.toast.examples.test.service.SimpleServiceActionAdapter : *toto* = *toto*
2015-11-16 13:20:46,261 WARN co.sy.to.ru.bl.BlockRunnerProvider [main] No runner found for : CommentBlock
2015-11-16 13:20:46,261 WARN co.sy.to.ru.bl.BlockRunnerProvider [main] No runner found for : CommentBlock
2015-11-16 13:20:46,261 INFO co.sy.to.ru.bl.BlockRunnerProvider [main] class fr.synaptix.toast.examples.test.service.SimpleServiceActionAdapter : GET *http://www.google.com*
2015-11-16 13:20:46,261 ERROR co.sy.to.ru.bl.BlockRunnerProvider [main] null
java.lang.NullPointerException
	at com.synaptix.toast.runtime.block.TestBlockRunner.buildArgumentList(TestBlockRunner.java:273) ~[classes/:?]
	at com.synaptix.toast.runtime.block.TestBlockRunner.doLocalActionCall(TestBlockRunner.java:244) [classes/:?]
	at com.synaptix.toast.runtime.block.TestBlockRunner.runThroughLocalActionAdapter(TestBlockRunner.java:156) [classes/:?]
	at com.synaptix.toast.runtime.block.TestBlockRunner.invokeActionAdapterAction(TestBlockRunner.java:102) [classes/:?]
	at com.synaptix.toast.runtime.block.TestBlockRunner.run(TestBlockRunner.java:58) [classes/:?]
	at com.synaptix.toast.runtime.block.TestBlockRunner.run(TestBlockRunner.java:1) [classes/:?]
	at com.synaptix.toast.runtime.TestRunner.run(TestRunner.java:54) [classes/:?]
	at com.synaptix.toast.runtime.AbstractScenarioRunner.runScript(AbstractScenarioRunner.java:117) [classes/:?]
	at com.synaptix.toast.runtime.AbstractScenarioRunner.runScenario(AbstractScenarioRunner.java:62) [classes/:?]
	at com.synaptix.toast.runtime.AbstractScenarioRunner.run(AbstractScenarioRunner.java:51) [classes/:?]
	at fr.synaptix.toast.examples.test.service.ServiceExampleRunner.main(ServiceExampleRunner.java:35) [classes/:?]
2015-11-16 13:20:46,261 INFO co.sy.to.ru.bl.BlockRunnerProvider [main] class fr.synaptix.toast.examples.test.service.SimpleServiceActionAdapter : POST *$jsonToPost* to *$url*
2015-11-16 13:20:46,261 ERROR co.sy.to.ru.bl.BlockRunnerProvider [main] Expecting object found: "http"
com.google.gson.JsonParseException: Expecting object found: "http"
	at com.google.gson.JsonObjectDeserializationVisitor.visitFieldUsingCustomHandler(JsonObjectDeserializationVisitor.java:100) ~[gson-1.7.1.jar:?]
	at com.google.gson.ReflectingFieldNavigator.visitFieldsReflectively(ReflectingFieldNavigator.java:63) ~[gson-1.7.1.jar:?]
	at com.google.gson.ObjectNavigator.accept(ObjectNavigator.java:120) ~[gson-1.7.1.jar:?]
	at com.google.gson.JsonDeserializationContextDefault.fromJsonPrimitive(JsonDeserializationContextDefault.java:85) ~[gson-1.7.1.jar:?]
	at com.google.gson.JsonDeserializationContextDefault.deserialize(JsonDeserializationContextDefault.java:56) ~[gson-1.7.1.jar:?]
	at com.google.gson.Gson.fromJson(Gson.java:551) ~[gson-1.7.1.jar:?]
	at com.google.gson.Gson.fromJson(Gson.java:498) ~[gson-1.7.1.jar:?]
	at com.google.gson.Gson.fromJson(Gson.java:467) ~[gson-1.7.1.jar:?]
	at com.google.gson.Gson.fromJson(Gson.java:417) ~[gson-1.7.1.jar:?]
	at com.google.gson.Gson.fromJson(Gson.java:389) ~[gson-1.7.1.jar:?]
	at com.synaptix.toast.runtime.block.TestBlockRunner.buildArgumentList(TestBlockRunner.java:284) ~[classes/:?]
	at com.synaptix.toast.runtime.block.TestBlockRunner.doLocalActionCall(TestBlockRunner.java:244) [classes/:?]
	at com.synaptix.toast.runtime.block.TestBlockRunner.runThroughLocalActionAdapter(TestBlockRunner.java:156) [classes/:?]
	at com.synaptix.toast.runtime.block.TestBlockRunner.invokeActionAdapterAction(TestBlockRunner.java:102) [classes/:?]
	at com.synaptix.toast.runtime.block.TestBlockRunner.run(TestBlockRunner.java:58) [classes/:?]
	at com.synaptix.toast.runtime.block.TestBlockRunner.run(TestBlockRunner.java:1) [classes/:?]
	at com.synaptix.toast.runtime.TestRunner.run(TestRunner.java:54) [classes/:?]
	at com.synaptix.toast.runtime.AbstractScenarioRunner.runScript(AbstractScenarioRunner.java:117) [classes/:?]
	at com.synaptix.toast.runtime.AbstractScenarioRunner.runScenario(AbstractScenarioRunner.java:62) [classes/:?]
	at com.synaptix.toast.runtime.AbstractScenarioRunner.run(AbstractScenarioRunner.java:51) [classes/:?]
	at fr.synaptix.toast.examples.test.service.ServiceExampleRunner.main(ServiceExampleRunner.java:35) [classes/:?]
2015-11-16 13:20:46,699 INFO co.sy.to.ru.AbstractScenarioRunner [main] 1file(s) processed
2015-11-16 13:21:03,618 INFO co.sy.to.ru.AbstractScenarioRunner [main] Start main test parser: ./scripts/service.example.script
2015-11-16 13:21:03,618 INFO co.sy.to.ru.pa.TestParser [main] Parser intializing..
2015-11-16 13:21:03,665 INFO co.sy.to.ru.pa.TestParser [main] Starting test page parsing: service.example.script
2015-11-16 13:21:03,713 WARN co.sy.to.ru.bl.BlockRunnerProvider [main] No runner found for : CommentBlock
2015-11-16 13:21:03,791 INFO co.sy.to.ru.bl.BlockRunnerProvider [main] class fr.synaptix.toast.examples.test.service.SimpleServiceActionAdapter : *toto* = *titi*
2015-11-16 13:21:10,828 INFO co.sy.to.ru.bl.BlockRunnerProvider [main] class fr.synaptix.toast.examples.test.service.SimpleServiceActionAdapter : *toto* = *toto*
2015-11-16 13:21:12,872 WARN co.sy.to.ru.bl.BlockRunnerProvider [main] No runner found for : CommentBlock
2015-11-16 13:21:12,872 WARN co.sy.to.ru.bl.BlockRunnerProvider [main] No runner found for : CommentBlock
2015-11-16 13:21:30,508 INFO co.sy.to.ru.AbstractScenarioRunner [main] Start main test parser: ./scripts/service.example.script
2015-11-16 13:21:30,523 INFO co.sy.to.ru.pa.TestParser [main] Parser intializing..
2015-11-16 13:21:30,554 INFO co.sy.to.ru.pa.TestParser [main] Starting test page parsing: service.example.script
2015-11-16 13:21:30,602 WARN co.sy.to.ru.bl.BlockRunnerProvider [main] No runner found for : CommentBlock
2015-11-16 13:21:30,680 INFO co.sy.to.ru.bl.BlockRunnerProvider [main] class fr.synaptix.toast.examples.test.service.SimpleServiceActionAdapter : *toto* = *titi*
2015-11-16 13:21:35,814 INFO co.sy.to.ru.bl.BlockRunnerProvider [main] class fr.synaptix.toast.examples.test.service.SimpleServiceActionAdapter : *toto* = *toto*
2015-11-16 13:21:39,343 WARN co.sy.to.ru.bl.BlockRunnerProvider [main] No runner found for : CommentBlock
2015-11-16 13:21:39,343 WARN co.sy.to.ru.bl.BlockRunnerProvider [main] No runner found for : CommentBlock
2015-11-16 13:22:47,211 INFO co.sy.to.ru.AbstractScenarioRunner [main] Start main test parser: ./scripts/service.example.script
2015-11-16 13:22:47,211 INFO co.sy.to.ru.pa.TestParser [main] Parser intializing..
2015-11-16 13:22:47,258 INFO co.sy.to.ru.pa.TestParser [main] Starting test page parsing: service.example.script
2015-11-16 13:22:47,305 WARN co.sy.to.ru.bl.BlockRunnerProvider [main] No runner found for : CommentBlock
2015-11-16 13:22:47,352 INFO co.sy.to.ru.bl.BlockRunnerProvider [main] class fr.synaptix.toast.examples.test.service.SimpleServiceActionAdapter : *toto* = *titi*
2015-11-16 13:22:47,367 INFO co.sy.to.ru.bl.BlockRunnerProvider [main] class fr.synaptix.toast.examples.test.service.SimpleServiceActionAdapter : *toto* = *toto*
2015-11-16 13:22:47,367 WARN co.sy.to.ru.bl.BlockRunnerProvider [main] No runner found for : CommentBlock
2015-11-16 13:22:47,367 WARN co.sy.to.ru.bl.BlockRunnerProvider [main] No runner found for : CommentBlock
2015-11-16 13:22:47,367 INFO co.sy.to.ru.bl.BlockRunnerProvider [main] class fr.synaptix.toast.examples.test.service.SimpleServiceActionAdapter : GET *http://www.google.com*
2015-11-16 13:23:08,602 INFO co.sy.to.ru.bl.BlockRunnerProvider [main] class fr.synaptix.toast.examples.test.service.SimpleServiceActionAdapter : POST *$jsonToPost* to *$url*
2015-11-16 13:23:08,602 ERROR co.sy.to.ru.bl.BlockRunnerProvider [main] Expecting object found: "http"
com.google.gson.JsonParseException: Expecting object found: "http"
	at com.google.gson.JsonObjectDeserializationVisitor.visitFieldUsingCustomHandler(JsonObjectDeserializationVisitor.java:100) ~[gson-1.7.1.jar:?]
	at com.google.gson.ReflectingFieldNavigator.visitFieldsReflectively(ReflectingFieldNavigator.java:63) ~[gson-1.7.1.jar:?]
	at com.google.gson.ObjectNavigator.accept(ObjectNavigator.java:120) ~[gson-1.7.1.jar:?]
	at com.google.gson.JsonDeserializationContextDefault.fromJsonPrimitive(JsonDeserializationContextDefault.java:85) ~[gson-1.7.1.jar:?]
	at com.google.gson.JsonDeserializationContextDefault.deserialize(JsonDeserializationContextDefault.java:56) ~[gson-1.7.1.jar:?]
	at com.google.gson.Gson.fromJson(Gson.java:551) ~[gson-1.7.1.jar:?]
	at com.google.gson.Gson.fromJson(Gson.java:498) ~[gson-1.7.1.jar:?]
	at com.google.gson.Gson.fromJson(Gson.java:467) ~[gson-1.7.1.jar:?]
	at com.google.gson.Gson.fromJson(Gson.java:417) ~[gson-1.7.1.jar:?]
	at com.google.gson.Gson.fromJson(Gson.java:389) ~[gson-1.7.1.jar:?]
	at com.synaptix.toast.runtime.block.TestBlockRunner.buildArgumentList(TestBlockRunner.java:284) ~[classes/:?]
	at com.synaptix.toast.runtime.block.TestBlockRunner.doLocalActionCall(TestBlockRunner.java:244) [classes/:?]
	at com.synaptix.toast.runtime.block.TestBlockRunner.runThroughLocalActionAdapter(TestBlockRunner.java:156) [classes/:?]
	at com.synaptix.toast.runtime.block.TestBlockRunner.invokeActionAdapterAction(TestBlockRunner.java:102) [classes/:?]
	at com.synaptix.toast.runtime.block.TestBlockRunner.run(TestBlockRunner.java:58) [classes/:?]
	at com.synaptix.toast.runtime.block.TestBlockRunner.run(TestBlockRunner.java:1) [classes/:?]
	at com.synaptix.toast.runtime.TestRunner.run(TestRunner.java:54) [classes/:?]
	at com.synaptix.toast.runtime.AbstractScenarioRunner.runScript(AbstractScenarioRunner.java:117) [classes/:?]
	at com.synaptix.toast.runtime.AbstractScenarioRunner.runScenario(AbstractScenarioRunner.java:62) [classes/:?]
	at com.synaptix.toast.runtime.AbstractScenarioRunner.run(AbstractScenarioRunner.java:51) [classes/:?]
	at fr.synaptix.toast.examples.test.service.ServiceExampleRunner.main(ServiceExampleRunner.java:35) [classes/:?]
2015-11-16 13:23:09,071 INFO co.sy.to.ru.AbstractScenarioRunner [main] 1file(s) processed
2015-11-16 13:24:06,542 INFO co.sy.to.ru.AbstractScenarioRunner [main] Start main test parser: ./scripts/service.example.script
2015-11-16 13:24:06,542 INFO co.sy.to.ru.pa.TestParser [main] Parser intializing..
2015-11-16 13:24:06,590 INFO co.sy.to.ru.pa.TestParser [main] Starting test page parsing: service.example.script
2015-11-16 13:24:06,637 WARN co.sy.to.ru.bl.BlockRunnerProvider [main] No runner found for : CommentBlock
2015-11-16 13:24:06,699 INFO co.sy.to.ru.bl.BlockRunnerProvider [main] class fr.synaptix.toast.examples.test.service.SimpleServiceActionAdapter : *toto* = *titi*
2015-11-16 13:24:06,699 INFO co.sy.to.ru.bl.BlockRunnerProvider [main] class fr.synaptix.toast.examples.test.service.SimpleServiceActionAdapter : *toto* = *toto*
2015-11-16 13:24:06,699 WARN co.sy.to.ru.bl.BlockRunnerProvider [main] No runner found for : CommentBlock
2015-11-16 13:24:06,699 WARN co.sy.to.ru.bl.BlockRunnerProvider [main] No runner found for : CommentBlock
2015-11-16 13:24:06,699 INFO co.sy.to.ru.bl.BlockRunnerProvider [main] class fr.synaptix.toast.examples.test.service.SimpleServiceActionAdapter : GET *https://www.google.com*
2015-11-16 13:24:27,926 INFO co.sy.to.ru.bl.BlockRunnerProvider [main] class fr.synaptix.toast.examples.test.service.SimpleServiceActionAdapter : POST *$jsonToPost* to *$url*
2015-11-16 13:24:27,929 ERROR co.sy.to.ru.bl.BlockRunnerProvider [main] Expecting object found: "https"
com.google.gson.JsonParseException: Expecting object found: "https"
	at com.google.gson.JsonObjectDeserializationVisitor.visitFieldUsingCustomHandler(JsonObjectDeserializationVisitor.java:100) ~[gson-1.7.1.jar:?]
	at com.google.gson.ReflectingFieldNavigator.visitFieldsReflectively(ReflectingFieldNavigator.java:63) ~[gson-1.7.1.jar:?]
	at com.google.gson.ObjectNavigator.accept(ObjectNavigator.java:120) ~[gson-1.7.1.jar:?]
	at com.google.gson.JsonDeserializationContextDefault.fromJsonPrimitive(JsonDeserializationContextDefault.java:85) ~[gson-1.7.1.jar:?]
	at com.google.gson.JsonDeserializationContextDefault.deserialize(JsonDeserializationContextDefault.java:56) ~[gson-1.7.1.jar:?]
	at com.google.gson.Gson.fromJson(Gson.java:551) ~[gson-1.7.1.jar:?]
	at com.google.gson.Gson.fromJson(Gson.java:498) ~[gson-1.7.1.jar:?]
	at com.google.gson.Gson.fromJson(Gson.java:467) ~[gson-1.7.1.jar:?]
	at com.google.gson.Gson.fromJson(Gson.java:417) ~[gson-1.7.1.jar:?]
	at com.google.gson.Gson.fromJson(Gson.java:389) ~[gson-1.7.1.jar:?]
	at com.synaptix.toast.runtime.block.TestBlockRunner.buildArgumentList(TestBlockRunner.java:284) ~[classes/:?]
	at com.synaptix.toast.runtime.block.TestBlockRunner.doLocalActionCall(TestBlockRunner.java:244) [classes/:?]
	at com.synaptix.toast.runtime.block.TestBlockRunner.runThroughLocalActionAdapter(TestBlockRunner.java:156) [classes/:?]
	at com.synaptix.toast.runtime.block.TestBlockRunner.invokeActionAdapterAction(TestBlockRunner.java:102) [classes/:?]
	at com.synaptix.toast.runtime.block.TestBlockRunner.run(TestBlockRunner.java:58) [classes/:?]
	at com.synaptix.toast.runtime.block.TestBlockRunner.run(TestBlockRunner.java:1) [classes/:?]
	at com.synaptix.toast.runtime.TestRunner.run(TestRunner.java:54) [classes/:?]
	at com.synaptix.toast.runtime.AbstractScenarioRunner.runScript(AbstractScenarioRunner.java:117) [classes/:?]
	at com.synaptix.toast.runtime.AbstractScenarioRunner.runScenario(AbstractScenarioRunner.java:62) [classes/:?]
	at com.synaptix.toast.runtime.AbstractScenarioRunner.run(AbstractScenarioRunner.java:51) [classes/:?]
	at fr.synaptix.toast.examples.test.service.ServiceExampleRunner.main(ServiceExampleRunner.java:35) [classes/:?]
2015-11-16 13:24:28,455 INFO co.sy.to.ru.AbstractScenarioRunner [main] 1file(s) processed
2015-11-16 13:25:17,056 INFO co.sy.to.ru.AbstractScenarioRunner [main] Start main test parser: ./scripts/service.example.script
2015-11-16 13:25:17,056 INFO co.sy.to.ru.pa.TestParser [main] Parser intializing..
2015-11-16 13:25:17,103 INFO co.sy.to.ru.pa.TestParser [main] Starting test page parsing: service.example.script
2015-11-16 13:25:17,150 WARN co.sy.to.ru.bl.BlockRunnerProvider [main] No runner found for : CommentBlock
2015-11-16 13:25:17,228 INFO co.sy.to.ru.bl.BlockRunnerProvider [main] class fr.synaptix.toast.examples.test.service.SimpleServiceActionAdapter : *toto* = *titi*
2015-11-16 13:25:49,585 INFO co.sy.to.ru.bl.BlockRunnerProvider [main] class fr.synaptix.toast.examples.test.service.SimpleServiceActionAdapter : *toto* = *toto*
2015-11-16 13:26:12,746 WARN co.sy.to.ru.bl.BlockRunnerProvider [main] No runner found for : CommentBlock
2015-11-16 13:26:12,746 WARN co.sy.to.ru.bl.BlockRunnerProvider [main] No runner found for : CommentBlock
2015-11-16 13:28:01,710 INFO co.sy.to.ru.AbstractScenarioRunner [main] Start main test parser: ./scripts/service.example.script
2015-11-16 13:28:01,710 INFO co.sy.to.ru.pa.TestParser [main] Parser intializing..
2015-11-16 13:28:01,761 INFO co.sy.to.ru.pa.TestParser [main] Starting test page parsing: service.example.script
2015-11-16 13:28:01,811 WARN co.sy.to.ru.bl.BlockRunnerProvider [main] No runner found for : CommentBlock
2015-11-16 13:28:01,881 INFO co.sy.to.ru.bl.BlockRunnerProvider [main] class fr.synaptix.toast.examples.test.service.SimpleServiceActionAdapter : *toto* = *titi*
2015-11-16 13:28:22,485 INFO co.sy.to.ru.bl.BlockRunnerProvider [main] class fr.synaptix.toast.examples.test.service.SimpleServiceActionAdapter : *toto* = *toto*
2015-11-16 13:28:24,484 WARN co.sy.to.ru.bl.BlockRunnerProvider [main] No runner found for : CommentBlock
2015-11-16 13:28:24,484 WARN co.sy.to.ru.bl.BlockRunnerProvider [main] No runner found for : CommentBlock
2015-11-16 13:44:06,708 INFO co.sy.to.ru.AbstractScenarioRunner [main] Start main test parser: ./scripts/service.example.script
2015-11-16 13:44:06,708 INFO co.sy.to.ru.pa.TestParser [main] Parser intializing..
2015-11-16 13:44:06,755 INFO co.sy.to.ru.pa.TestParser [main] Starting test page parsing: service.example.script
2015-11-16 13:44:06,801 WARN co.sy.to.ru.bl.BlockRunnerProvider [main] No runner found for : CommentBlock
2015-11-16 13:44:06,864 INFO co.sy.to.ru.bl.BlockRunnerProvider [main] class fr.synaptix.toast.examples.test.service.SimpleServiceActionAdapter : *toto* = *titi*
2015-11-16 13:44:06,864 INFO co.sy.to.ru.bl.BlockRunnerProvider [main] class fr.synaptix.toast.examples.test.service.SimpleServiceActionAdapter : *toto* = *toto*
2015-11-16 13:44:06,864 WARN co.sy.to.ru.bl.BlockRunnerProvider [main] No runner found for : CommentBlock
2015-11-16 13:44:06,864 WARN co.sy.to.ru.bl.BlockRunnerProvider [main] No runner found for : CommentBlock
2015-11-16 13:44:06,864 INFO co.sy.to.ru.bl.BlockRunnerProvider [main] class fr.synaptix.toast.examples.test.service.SimpleServiceActionAdapter : GET *https://www.google.com*
2015-11-16 13:44:28,128 INFO co.sy.to.ru.bl.BlockRunnerProvider [main] class fr.synaptix.toast.examples.test.service.SimpleServiceActionAdapter : POST *$jsonToPost* to *$url*
2015-11-16 13:44:49,686 INFO co.sy.to.ru.AbstractScenarioRunner [main] 1file(s) processed
